[21:10:11] [INFO ] [main - 1] co.groovybot.bot.GroovyBot - [Core] Starting Groovy ...
[21:10:11] [DEBUG] [main - 1] io.netty.util.internal.logging.InternalLoggerFactory - Using SLF4J as the default logging framework
[21:10:11] [DEBUG] [main - 1] io.netty.channel.MultithreadEventLoopGroup - -Dio.netty.eventLoopThreads: 16
[21:10:11] [DEBUG] [main - 1] io.netty.util.internal.PlatformDependent0 - java.nio.Buffer.address: available
[21:10:11] [DEBUG] [main - 1] io.netty.util.internal.PlatformDependent0 - sun.misc.Unsafe.theUnsafe: available
[21:10:11] [DEBUG] [main - 1] io.netty.util.internal.PlatformDependent0 - sun.misc.Unsafe.copyMemory: available
[21:10:11] [DEBUG] [main - 1] io.netty.util.internal.PlatformDependent0 - java.nio.Bits.unaligned: true
[21:10:11] [DEBUG] [main - 1] io.netty.util.internal.PlatformDependent - Platform: Windows
[21:10:11] [DEBUG] [main - 1] io.netty.util.internal.PlatformDependent - Java version: 8
[21:10:11] [DEBUG] [main - 1] io.netty.util.internal.PlatformDependent - -Dio.netty.noUnsafe: false
[21:10:11] [DEBUG] [main - 1] io.netty.util.internal.PlatformDependent - sun.misc.Unsafe: available
[21:10:11] [DEBUG] [main - 1] io.netty.util.internal.PlatformDependent - -Dio.netty.noJavassist: false
[21:10:11] [DEBUG] [main - 1] io.netty.util.internal.PlatformDependent - Javassist: available
[21:10:11] [DEBUG] [main - 1] io.netty.util.internal.PlatformDependent - -Dio.netty.tmpdir: C:\Users\oskar\AppData\Local\Temp (java.io.tmpdir)
[21:10:11] [DEBUG] [main - 1] io.netty.util.internal.PlatformDependent - -Dio.netty.bitMode: 64 (sun.arch.data.model)
[21:10:11] [DEBUG] [main - 1] io.netty.util.internal.PlatformDependent - -Dio.netty.noPreferDirect: false
[21:10:11] [DEBUG] [main - 1] io.netty.channel.nio.NioEventLoop - -Dio.netty.noKeySetOptimization: false
[21:10:11] [DEBUG] [main - 1] io.netty.channel.nio.NioEventLoop - -Dio.netty.selectorAutoRebuildThreshold: 512
[21:10:12] [DEBUG] [main - 1] io.netty.util.internal.ThreadLocalRandom - -Dio.netty.initialSeedUniquifier: 0x20cb13237c6234ae (took 1 ms)
[21:10:12] [DEBUG] [main - 1] io.netty.buffer.ByteBufUtil - -Dio.netty.allocator.type: unpooled
[21:10:12] [DEBUG] [main - 1] io.netty.buffer.ByteBufUtil - -Dio.netty.threadLocalDirectBufferSize: 65536
[21:10:12] [DEBUG] [main - 1] org.graylog2.gelfclient.transport.AbstractGelfTransport - Sending message: GelfMessage{version="1.1" timestamp="1545595812.093" short_message="HELLO", level="ALERT(1)"}
[21:10:12] [DEBUG] [main - 1] org.graylog2.gelfclient.transport.AbstractGelfTransport - Sending message: GelfMessage{version="1.1" timestamp="1545595812.095" short_message="Sending message: GelfMessage{version="1.1" timestamp="1545595812.093" short_message="HELLO", level="ALERT(1)"}", level="DEBUG(7)"}
[21:10:12] [INFO ] [main - 1] co.groovybot.bot.GroovyBot - [Graylog] Successfully connected to Graylog!
[21:10:12] [DEBUG] [main - 1] org.graylog2.gelfclient.transport.AbstractGelfTransport - Sending message: GelfMessage{version="1.1" timestamp="1545595812.097" short_message="[Graylog] Successfully connected to Graylog!", level="INFO(6)"}
[21:10:12] [DEBUG] [gelfTcpTransport-1-1 - 16] io.netty.util.internal.JavassistTypeParameterMatcherGenerator - Generated: io.netty.util.internal.__matchers__.io.netty.buffer.ByteBufMatcher
[21:10:12] [INFO ] [main - 1] co.groovybot.bot.GroovyBot - [Database] Initializing Database ...
[21:10:12] [DEBUG] [gelfTcpTransport-1-1 - 16] org.graylog2.gelfclient.transport.AbstractGelfTransport - Sending message: GelfMessage{version="1.1" timestamp="1545595812.098" short_message="Generated: io.netty.util.internal.__matchers__.io.netty.buffer.ByteBufMatcher", level="DEBUG(7)"}
[21:10:12] [DEBUG] [main - 1] org.graylog2.gelfclient.transport.AbstractGelfTransport - Sending message: GelfMessage{version="1.1" timestamp="1545595812.099" short_message="[Database] Initializing Database ...", level="INFO(6)"}
[21:10:12] [INFO ] [main - 1] co.groovybot.bot.io.database.PostgreSQL - [Database] Connecting to Database ...
[21:10:12] [DEBUG] [main - 1] org.graylog2.gelfclient.transport.AbstractGelfTransport - Sending message: GelfMessage{version="1.1" timestamp="1545595812.101" short_message="[Database] Connecting to Database ...", level="INFO(6)"}
[21:10:12] [DEBUG] [main - 1] com.zaxxer.hikari.HikariConfig - HikariPool-1 - configuration:
[21:10:12] [DEBUG] [main - 1] org.graylog2.gelfclient.transport.AbstractGelfTransport - Sending message: GelfMessage{version="1.1" timestamp="1545595812.128" short_message="HikariPool-1 - configuration:", level="DEBUG(7)"}
[21:10:12] [DEBUG] [main - 1] com.zaxxer.hikari.HikariConfig - allowPoolSuspension.............false
[21:10:12] [DEBUG] [main - 1] org.graylog2.gelfclient.transport.AbstractGelfTransport - Sending message: GelfMessage{version="1.1" timestamp="1545595812.134" short_message="allowPoolSuspension.............false", level="DEBUG(7)"}
[21:10:12] [DEBUG] [main - 1] com.zaxxer.hikari.HikariConfig - autoCommit......................true
[21:10:12] [DEBUG] [main - 1] org.graylog2.gelfclient.transport.AbstractGelfTransport - Sending message: GelfMessage{version="1.1" timestamp="1545595812.135" short_message="autoCommit......................true", level="DEBUG(7)"}
[21:10:12] [DEBUG] [main - 1] com.zaxxer.hikari.HikariConfig - catalog.........................none
[21:10:12] [DEBUG] [main - 1] org.graylog2.gelfclient.transport.AbstractGelfTransport - Sending message: GelfMessage{version="1.1" timestamp="1545595812.136" short_message="catalog.........................none", level="DEBUG(7)"}
[21:10:12] [DEBUG] [main - 1] com.zaxxer.hikari.HikariConfig - connectionInitSql...............none
[21:10:12] [DEBUG] [main - 1] org.graylog2.gelfclient.transport.AbstractGelfTransport - Sending message: GelfMessage{version="1.1" timestamp="1545595812.136" short_message="connectionInitSql...............none", level="DEBUG(7)"}
[21:10:12] [DEBUG] [main - 1] com.zaxxer.hikari.HikariConfig - connectionTestQuery.............none
[21:10:12] [DEBUG] [main - 1] org.graylog2.gelfclient.transport.AbstractGelfTransport - Sending message: GelfMessage{version="1.1" timestamp="1545595812.136" short_message="connectionTestQuery.............none", level="DEBUG(7)"}
[21:10:12] [DEBUG] [main - 1] com.zaxxer.hikari.HikariConfig - connectionTimeout...............30000
[21:10:12] [DEBUG] [main - 1] org.graylog2.gelfclient.transport.AbstractGelfTransport - Sending message: GelfMessage{version="1.1" timestamp="1545595812.137" short_message="connectionTimeout...............30000", level="DEBUG(7)"}
[21:10:12] [DEBUG] [main - 1] com.zaxxer.hikari.HikariConfig - dataSource......................none
[21:10:12] [DEBUG] [main - 1] org.graylog2.gelfclient.transport.AbstractGelfTransport - Sending message: GelfMessage{version="1.1" timestamp="1545595812.137" short_message="dataSource......................none", level="DEBUG(7)"}
[21:10:12] [DEBUG] [main - 1] com.zaxxer.hikari.HikariConfig - dataSourceClassName.............none
[21:10:12] [DEBUG] [main - 1] org.graylog2.gelfclient.transport.AbstractGelfTransport - Sending message: GelfMessage{version="1.1" timestamp="1545595812.138" short_message="dataSourceClassName.............none", level="DEBUG(7)"}
[21:10:12] [DEBUG] [main - 1] com.zaxxer.hikari.HikariConfig - dataSourceJNDI..................none
[21:10:12] [DEBUG] [main - 1] org.graylog2.gelfclient.transport.AbstractGelfTransport - Sending message: GelfMessage{version="1.1" timestamp="1545595812.138" short_message="dataSourceJNDI..................none", level="DEBUG(7)"}
[21:10:12] [DEBUG] [main - 1] com.zaxxer.hikari.HikariConfig - dataSourceProperties............{password=<masked>, prepStmtCacheSqlLimit=2048, cachePrepStmts=true, prepStmtCacheSize=250}
[21:10:12] [DEBUG] [main - 1] org.graylog2.gelfclient.transport.AbstractGelfTransport - Sending message: GelfMessage{version="1.1" timestamp="1545595812.139" short_message="dataSourceProperties............{password=<masked>, prepStmtCacheSqlLimit=2048, cachePrepStmts=true, prepStmtCacheSize=250}", level="DEBUG(7)"}
[21:10:12] [DEBUG] [main - 1] com.zaxxer.hikari.HikariConfig - driverClassName.................none
[21:10:12] [DEBUG] [main - 1] org.graylog2.gelfclient.transport.AbstractGelfTransport - Sending message: GelfMessage{version="1.1" timestamp="1545595812.140" short_message="driverClassName.................none", level="DEBUG(7)"}
[21:10:12] [DEBUG] [main - 1] com.zaxxer.hikari.HikariConfig - healthCheckProperties...........{}
[21:10:12] [DEBUG] [main - 1] org.graylog2.gelfclient.transport.AbstractGelfTransport - Sending message: GelfMessage{version="1.1" timestamp="1545595812.140" short_message="healthCheckProperties...........{}", level="DEBUG(7)"}
[21:10:12] [DEBUG] [main - 1] com.zaxxer.hikari.HikariConfig - healthCheckRegistry.............none
[21:10:12] [DEBUG] [gelfTcpTransport-1-1 - 16] io.netty.util.internal.JavassistTypeParameterMatcherGenerator - Generated: io.netty.util.internal.__matchers__.org.graylog2.gelfclient.GelfMessageMatcher
[21:10:12] [DEBUG] [main - 1] org.graylog2.gelfclient.transport.AbstractGelfTransport - Sending message: GelfMessage{version="1.1" timestamp="1545595812.141" short_message="healthCheckRegistry.............none", level="DEBUG(7)"}
[21:10:12] [DEBUG] [main - 1] com.zaxxer.hikari.HikariConfig - idleTimeout.....................600000
[21:10:12] [DEBUG] [gelfTcpTransport-1-1 - 16] org.graylog2.gelfclient.transport.AbstractGelfTransport - Sending message: GelfMessage{version="1.1" timestamp="1545595812.141" short_message="Generated: io.netty.util.internal.__matchers__.org.graylog2.gelfclient.GelfMessageMatcher", level="DEBUG(7)"}
[21:10:12] [DEBUG] [main - 1] org.graylog2.gelfclient.transport.AbstractGelfTransport - Sending message: GelfMessage{version="1.1" timestamp="1545595812.141" short_message="idleTimeout.....................600000", level="DEBUG(7)"}
[21:10:12] [DEBUG] [main - 1] com.zaxxer.hikari.HikariConfig - initializationFailTimeout.......1
[21:10:12] [DEBUG] [main - 1] org.graylog2.gelfclient.transport.AbstractGelfTransport - Sending message: GelfMessage{version="1.1" timestamp="1545595812.142" short_message="initializationFailTimeout.......1", level="DEBUG(7)"}
[21:10:12] [DEBUG] [main - 1] com.zaxxer.hikari.HikariConfig - isolateInternalQueries..........false
[21:10:12] [DEBUG] [main - 1] org.graylog2.gelfclient.transport.AbstractGelfTransport - Sending message: GelfMessage{version="1.1" timestamp="1545595812.143" short_message="isolateInternalQueries..........false", level="DEBUG(7)"}
[21:10:12] [DEBUG] [main - 1] com.zaxxer.hikari.HikariConfig - jdbcUrl.........................jdbc:postgresql://91.200.102.167:5432/bot_testing?useUnicode=true&useJDBCCompliantTimezoneShift=true&useLegacyDatetimeCode=false&serverTimezone=UTC&useSSL=false
[21:10:12] [DEBUG] [main - 1] org.graylog2.gelfclient.transport.AbstractGelfTransport - Sending message: GelfMessage{version="1.1" timestamp="1545595812.144" short_message="jdbcUrl.........................jdbc:postgresql://91.200.102.167:5432/bot_testing?useUnicode=true&useJDBCCompliantTimezoneShift=true&useLegacyDatetimeCode=false&serverTimezone=UTC&useSSL=false", level="DEBUG(7)"}
[21:10:12] [DEBUG] [main - 1] com.zaxxer.hikari.HikariConfig - leakDetectionThreshold..........0
[21:10:12] [DEBUG] [main - 1] org.graylog2.gelfclient.transport.AbstractGelfTransport - Sending message: GelfMessage{version="1.1" timestamp="1545595812.144" short_message="leakDetectionThreshold..........0", level="DEBUG(7)"}
[21:10:12] [DEBUG] [main - 1] com.zaxxer.hikari.HikariConfig - maxLifetime.....................1800000
[21:10:12] [DEBUG] [main - 1] org.graylog2.gelfclient.transport.AbstractGelfTransport - Sending message: GelfMessage{version="1.1" timestamp="1545595812.145" short_message="maxLifetime.....................1800000", level="DEBUG(7)"}
[21:10:12] [DEBUG] [main - 1] com.zaxxer.hikari.HikariConfig - maximumPoolSize.................15
[21:10:12] [DEBUG] [main - 1] org.graylog2.gelfclient.transport.AbstractGelfTransport - Sending message: GelfMessage{version="1.1" timestamp="1545595812.145" short_message="maximumPoolSize.................15", level="DEBUG(7)"}
[21:10:12] [DEBUG] [main - 1] com.zaxxer.hikari.HikariConfig - metricRegistry..................none
[21:10:12] [DEBUG] [main - 1] org.graylog2.gelfclient.transport.AbstractGelfTransport - Sending message: GelfMessage{version="1.1" timestamp="1545595812.146" short_message="metricRegistry..................none", level="DEBUG(7)"}
[21:10:12] [DEBUG] [main - 1] com.zaxxer.hikari.HikariConfig - metricsTrackerFactory...........none
[21:10:12] [DEBUG] [main - 1] org.graylog2.gelfclient.transport.AbstractGelfTransport - Sending message: GelfMessage{version="1.1" timestamp="1545595812.146" short_message="metricsTrackerFactory...........none", level="DEBUG(7)"}
[21:10:12] [DEBUG] [main - 1] com.zaxxer.hikari.HikariConfig - minimumIdle.....................15
[21:10:12] [DEBUG] [main - 1] org.graylog2.gelfclient.transport.AbstractGelfTransport - Sending message: GelfMessage{version="1.1" timestamp="1545595812.147" short_message="minimumIdle.....................15", level="DEBUG(7)"}
[21:10:12] [DEBUG] [main - 1] com.zaxxer.hikari.HikariConfig - password........................<masked>
[21:10:12] [DEBUG] [main - 1] org.graylog2.gelfclient.transport.AbstractGelfTransport - Sending message: GelfMessage{version="1.1" timestamp="1545595812.148" short_message="password........................<masked>", level="DEBUG(7)"}
[21:10:12] [DEBUG] [main - 1] com.zaxxer.hikari.HikariConfig - poolName........................"HikariPool-1"
[21:10:12] [DEBUG] [main - 1] org.graylog2.gelfclient.transport.AbstractGelfTransport - Sending message: GelfMessage{version="1.1" timestamp="1545595812.148" short_message="poolName........................"HikariPool-1"", level="DEBUG(7)"}
[21:10:12] [DEBUG] [main - 1] com.zaxxer.hikari.HikariConfig - readOnly........................false
[21:10:12] [DEBUG] [main - 1] org.graylog2.gelfclient.transport.AbstractGelfTransport - Sending message: GelfMessage{version="1.1" timestamp="1545595812.149" short_message="readOnly........................false", level="DEBUG(7)"}
[21:10:12] [DEBUG] [main - 1] com.zaxxer.hikari.HikariConfig - registerMbeans..................false
[21:10:12] [DEBUG] [main - 1] org.graylog2.gelfclient.transport.AbstractGelfTransport - Sending message: GelfMessage{version="1.1" timestamp="1545595812.150" short_message="registerMbeans..................false", level="DEBUG(7)"}
[21:10:12] [DEBUG] [main - 1] com.zaxxer.hikari.HikariConfig - scheduledExecutor...............none
[21:10:12] [DEBUG] [main - 1] org.graylog2.gelfclient.transport.AbstractGelfTransport - Sending message: GelfMessage{version="1.1" timestamp="1545595812.151" short_message="scheduledExecutor...............none", level="DEBUG(7)"}
[21:10:12] [DEBUG] [main - 1] com.zaxxer.hikari.HikariConfig - schema..........................none
[21:10:12] [DEBUG] [main - 1] org.graylog2.gelfclient.transport.AbstractGelfTransport - Sending message: GelfMessage{version="1.1" timestamp="1545595812.151" short_message="schema..........................none", level="DEBUG(7)"}
[21:10:12] [DEBUG] [main - 1] com.zaxxer.hikari.HikariConfig - threadFactory...................internal
[21:10:12] [DEBUG] [main - 1] org.graylog2.gelfclient.transport.AbstractGelfTransport - Sending message: GelfMessage{version="1.1" timestamp="1545595812.152" short_message="threadFactory...................internal", level="DEBUG(7)"}
[21:10:12] [DEBUG] [main - 1] com.zaxxer.hikari.HikariConfig - transactionIsolation............default
[21:10:12] [DEBUG] [main - 1] org.graylog2.gelfclient.transport.AbstractGelfTransport - Sending message: GelfMessage{version="1.1" timestamp="1545595812.152" short_message="transactionIsolation............default", level="DEBUG(7)"}
[21:10:12] [DEBUG] [main - 1] com.zaxxer.hikari.HikariConfig - username........................"groovy"
[21:10:12] [DEBUG] [main - 1] org.graylog2.gelfclient.transport.AbstractGelfTransport - Sending message: GelfMessage{version="1.1" timestamp="1545595812.153" short_message="username........................"groovy"", level="DEBUG(7)"}
[21:10:12] [DEBUG] [main - 1] com.zaxxer.hikari.HikariConfig - validationTimeout...............5000
[21:10:12] [DEBUG] [main - 1] org.graylog2.gelfclient.transport.AbstractGelfTransport - Sending message: GelfMessage{version="1.1" timestamp="1545595812.153" short_message="validationTimeout...............5000", level="DEBUG(7)"}
[21:10:12] [INFO ] [main - 1] com.zaxxer.hikari.HikariDataSource - HikariPool-1 - Starting...
[21:10:12] [DEBUG] [main - 1] org.graylog2.gelfclient.transport.AbstractGelfTransport - Sending message: GelfMessage{version="1.1" timestamp="1545595812.155" short_message="HikariPool-1 - Starting...", level="INFO(6)"}
[21:10:13] [DEBUG] [main - 1] com.zaxxer.hikari.pool.HikariPool - HikariPool-1 - Added connection org.postgresql.jdbc.PgConnection@69504ae9
[21:10:13] [DEBUG] [main - 1] org.graylog2.gelfclient.transport.AbstractGelfTransport - Sending message: GelfMessage{version="1.1" timestamp="1545595813.057" short_message="HikariPool-1 - Added connection org.postgresql.jdbc.PgConnection@69504ae9", level="DEBUG(7)"}
[21:10:13] [INFO ] [main - 1] com.zaxxer.hikari.HikariDataSource - HikariPool-1 - Start completed.
[21:10:13] [DEBUG] [main - 1] org.graylog2.gelfclient.transport.AbstractGelfTransport - Sending message: GelfMessage{version="1.1" timestamp="1545595813.059" short_message="HikariPool-1 - Start completed.", level="INFO(6)"}
[21:10:13] [INFO ] [main - 1] co.groovybot.bot.io.database.PostgreSQL - [Database] Connected!
[21:10:13] [DEBUG] [main - 1] org.graylog2.gelfclient.transport.AbstractGelfTransport - Sending message: GelfMessage{version="1.1" timestamp="1545595813.059" short_message="[Database] Connected!", level="INFO(6)"}
[21:10:13] [ERROR] [gelfTcpTransport-1-1 - 16] org.graylog2.gelfclient.transport.GelfTcpTransport - Connection failed: Connection refused: no further information: localhost/127.0.0.1:12201
[21:10:13] [DEBUG] [gelfTcpTransport-1-1 - 16] org.graylog2.gelfclient.transport.AbstractGelfTransport - Sending message: GelfMessage{version="1.1" timestamp="1545595813.147" short_message="Connection failed: Connection refused: no further information: localhost/127.0.0.1:12201", level="ERROR(3)"}
[21:10:13] [DEBUG] [HikariPool-1 housekeeper - 35] com.zaxxer.hikari.pool.HikariPool - HikariPool-1 - Pool stats (total=1, active=0, idle=1, waiting=0)
[21:10:13] [DEBUG] [HikariPool-1 housekeeper - 35] org.graylog2.gelfclient.transport.AbstractGelfTransport - Sending message: GelfMessage{version="1.1" timestamp="1545595813.160" short_message="HikariPool-1 - Pool stats (total=1, active=0, idle=1, waiting=0)", level="DEBUG(7)"}
[21:10:13] [DEBUG] [HikariPool-1 connection adder - 36] com.zaxxer.hikari.pool.HikariPool - HikariPool-1 - Added connection org.postgresql.jdbc.PgConnection@1a17a67e
[21:10:13] [DEBUG] [HikariPool-1 connection adder - 36] org.graylog2.gelfclient.transport.AbstractGelfTransport - Sending message: GelfMessage{version="1.1" timestamp="1545595813.396" short_message="HikariPool-1 - Added connection org.postgresql.jdbc.PgConnection@1a17a67e", level="DEBUG(7)"}
[21:10:13] [DEBUG] [HikariPool-1 connection adder - 36] com.zaxxer.hikari.pool.HikariPool - HikariPool-1 - Added connection org.postgresql.jdbc.PgConnection@10efcd0e
[21:10:13] [DEBUG] [HikariPool-1 connection adder - 36] org.graylog2.gelfclient.transport.AbstractGelfTransport - Sending message: GelfMessage{version="1.1" timestamp="1545595813.634" short_message="HikariPool-1 - Added connection org.postgresql.jdbc.PgConnection@10efcd0e", level="DEBUG(7)"}
[21:10:13] [DEBUG] [main - 1] co.groovybot.bot.core.audio.spotify.SpotifyManager - Received access token: BQDgtq3805h0eOesIDTjmIW4oa2NRZQzgty3pqoXCe4gkV0IW6RjM42XZxs5eWQVvcmGg8iCCVfMy2HvClU which expires in: 3600 seconds.
[21:10:13] [DEBUG] [main - 1] org.graylog2.gelfclient.transport.AbstractGelfTransport - Sending message: GelfMessage{version="1.1" timestamp="1545595813.642" short_message="Received access token: BQDgtq3805h0eOesIDTjmIW4oa2NRZQzgty3pqoXCe4gkV0IW6RjM42XZxs5eWQVvcmGg8iCCVfMy2HvClU which expires in: 3600 seconds.", level="DEBUG(7)"}
[21:10:13] [INFO ] [main - 1] co.groovybot.bot.core.audio.LavalinkManager - [LavalinkManager] Connecting to Nodes ...
[21:10:13] [DEBUG] [main - 1] org.graylog2.gelfclient.transport.AbstractGelfTransport - Sending message: GelfMessage{version="1.1" timestamp="1545595813.643" short_message="[LavalinkManager] Connecting to Nodes ...", level="INFO(6)"}
[21:10:13] [DEBUG] [main - 1] com.sedmelluq.discord.lavaplayer.tools.io.TrustManagerBuilder - Certificate list /certificates/extended.txt not present in classpath.
[21:10:13] [DEBUG] [main - 1] org.graylog2.gelfclient.transport.AbstractGelfTransport - Sending message: GelfMessage{version="1.1" timestamp="1545595813.696" short_message="Certificate list /certificates/extended.txt not present in classpath.", level="DEBUG(7)"}
[21:10:13] [DEBUG] [HikariPool-1 connection adder - 36] com.zaxxer.hikari.pool.HikariPool - HikariPool-1 - Added connection org.postgresql.jdbc.PgConnection@726e39e2
[21:10:13] [DEBUG] [HikariPool-1 connection adder - 36] org.graylog2.gelfclient.transport.AbstractGelfTransport - Sending message: GelfMessage{version="1.1" timestamp="1545595813.854" short_message="HikariPool-1 - Added connection org.postgresql.jdbc.PgConnection@726e39e2", level="DEBUG(7)"}
[21:10:14] [DEBUG] [HikariPool-1 connection adder - 36] com.zaxxer.hikari.pool.HikariPool - HikariPool-1 - Added connection org.postgresql.jdbc.PgConnection@647206d8
[21:10:14] [DEBUG] [HikariPool-1 connection adder - 36] org.graylog2.gelfclient.transport.AbstractGelfTransport - Sending message: GelfMessage{version="1.1" timestamp="1545595814.074" short_message="HikariPool-1 - Added connection org.postgresql.jdbc.PgConnection@647206d8", level="DEBUG(7)"}
[21:10:14] [DEBUG] [gelfTcpTransport-1-1 - 16] org.graylog2.gelfclient.transport.AbstractGelfTransport - Starting reconnect!
[21:10:14] [DEBUG] [gelfTcpTransport-1-1 - 16] org.graylog2.gelfclient.transport.AbstractGelfTransport - Sending message: GelfMessage{version="1.1" timestamp="1545595814.148" short_message="Starting reconnect!", level="DEBUG(7)"}
[21:10:14] [DEBUG] [HikariPool-1 connection adder - 36] com.zaxxer.hikari.pool.HikariPool - HikariPool-1 - Added connection org.postgresql.jdbc.PgConnection@a1b30e5
[21:10:14] [DEBUG] [HikariPool-1 connection adder - 36] org.graylog2.gelfclient.transport.AbstractGelfTransport - Sending message: GelfMessage{version="1.1" timestamp="1545595814.299" short_message="HikariPool-1 - Added connection org.postgresql.jdbc.PgConnection@a1b30e5", level="DEBUG(7)"}
[21:10:14] [DEBUG] [HikariPool-1 connection adder - 36] com.zaxxer.hikari.pool.HikariPool - HikariPool-1 - Added connection org.postgresql.jdbc.PgConnection@111f383e
[21:10:14] [DEBUG] [HikariPool-1 connection adder - 36] org.graylog2.gelfclient.transport.AbstractGelfTransport - Sending message: GelfMessage{version="1.1" timestamp="1545595814.540" short_message="HikariPool-1 - Added connection org.postgresql.jdbc.PgConnection@111f383e", level="DEBUG(7)"}
[21:10:14] [DEBUG] [HikariPool-1 connection adder - 36] com.zaxxer.hikari.pool.HikariPool - HikariPool-1 - Added connection org.postgresql.jdbc.PgConnection@318cf74b
[21:10:14] [DEBUG] [HikariPool-1 connection adder - 36] org.graylog2.gelfclient.transport.AbstractGelfTransport - Sending message: GelfMessage{version="1.1" timestamp="1545595814.787" short_message="HikariPool-1 - Added connection org.postgresql.jdbc.PgConnection@318cf74b", level="DEBUG(7)"}
[21:10:14] [DEBUG] [JDA RateLimit-Worker 1 - 42] net.dv8tion.jda.core.requests.Requester - Received response with following cf-rays: [48dd787958656415-FRA]
[21:10:14] [DEBUG] [JDA RateLimit-Worker 1 - 42] org.graylog2.gelfclient.transport.AbstractGelfTransport - Sending message: GelfMessage{version="1.1" timestamp="1545595814.832" short_message="Received response with following cf-rays: [48dd787958656415-FRA]", level="DEBUG(7)"}
[21:10:14] [INFO ] [main - 1] net.dv8tion.jda.bot.sharding.ShardManager - Login Successful!
[21:10:14] [DEBUG] [main - 1] org.graylog2.gelfclient.transport.AbstractGelfTransport - Sending message: GelfMessage{version="1.1" timestamp="1545595814.839" short_message="Login Successful!", level="INFO(6)"}
[21:10:14] [INFO ] [main - 1] co.groovybot.bot.GroovyBot - [LavalinkManager] Initializing LavalinkManager ...
[21:10:14] [DEBUG] [main - 1] org.graylog2.gelfclient.transport.AbstractGelfTransport - Sending message: GelfMessage{version="1.1" timestamp="1545595814.904" short_message="[LavalinkManager] Initializing LavalinkManager ...", level="INFO(6)"}
[21:10:14] [INFO ] [main - 1] co.groovybot.bot.core.audio.LavalinkManager - [LavalinkManager] Initializing Lavalink and trying to connect to Nodes ...
[21:10:14] [DEBUG] [main - 1] org.graylog2.gelfclient.transport.AbstractGelfTransport - Sending message: GelfMessage{version="1.1" timestamp="1545595814.904" short_message="[LavalinkManager] Initializing Lavalink and trying to connect to Nodes ...", level="INFO(6)"}
[21:10:15] [DEBUG] [HikariPool-1 connection adder - 36] com.zaxxer.hikari.pool.HikariPool - HikariPool-1 - Added connection org.postgresql.jdbc.PgConnection@6d9fb49
[21:10:15] [DEBUG] [HikariPool-1 connection adder - 36] org.graylog2.gelfclient.transport.AbstractGelfTransport - Sending message: GelfMessage{version="1.1" timestamp="1545595815.008" short_message="HikariPool-1 - Added connection org.postgresql.jdbc.PgConnection@6d9fb49", level="DEBUG(7)"}
[21:10:15] [ERROR] [gelfTcpTransport-1-1 - 16] org.graylog2.gelfclient.transport.GelfTcpTransport - Connection failed: Connection refused: no further information: localhost/127.0.0.1:12201
[21:10:15] [DEBUG] [gelfTcpTransport-1-1 - 16] org.graylog2.gelfclient.transport.AbstractGelfTransport - Sending message: GelfMessage{version="1.1" timestamp="1545595815.155" short_message="Connection failed: Connection refused: no further information: localhost/127.0.0.1:12201", level="ERROR(3)"}
[21:10:15] [DEBUG] [HikariPool-1 connection adder - 36] com.zaxxer.hikari.pool.HikariPool - HikariPool-1 - Added connection org.postgresql.jdbc.PgConnection@416a7367
[21:10:15] [DEBUG] [HikariPool-1 connection adder - 36] org.graylog2.gelfclient.transport.AbstractGelfTransport - Sending message: GelfMessage{version="1.1" timestamp="1545595815.259" short_message="HikariPool-1 - Added connection org.postgresql.jdbc.PgConnection@416a7367", level="DEBUG(7)"}
[21:10:15] [DEBUG] [JDA RateLimit-Worker 1 - 42] net.dv8tion.jda.core.requests.RateLimiter - Encountered issue with headers when updating a bucket
Route: oauth2/applications/@me
Headers: Date: Sun, 23 Dec 2018 20:10:16 GMT
Content-Type: application/json
Transfer-Encoding: chunked
Connection: keep-alive
Set-Cookie: __cfduid=d33c394de2d96a4e3bfb0f985490e6e201545595816; expires=Mon, 23-Dec-19 20:10:16 GMT; path=/; domain=.discordapp.com; HttpOnly
Strict-Transport-Security: max-age=31536000; includeSubDomains
Content-Encoding: gzip
Via: 1.1 google
Alt-Svc: clear
Expect-CT: max-age=604800, report-uri="https://report-uri.cloudflare.com/cdn-cgi/beacon/expect-ct"
Server: cloudflare
CF-RAY: 48dd787c1a926415-FRA

[21:10:15] [DEBUG] [JDA RateLimit-Worker 1 - 42] org.graylog2.gelfclient.transport.AbstractGelfTransport - Sending message: GelfMessage{version="1.1" timestamp="1545595815.397" short_message="Encountered issue with headers when updating a bucket
Route: oauth2/applications/@me
Headers: Date: Sun, 23 Dec 2018 20:10:16 GMT
Content-Type: application/json
Transfer-Encoding: chunked
Connection: keep-alive
Set-Cookie: __cfduid=d33c394de2d96a4e3bfb0f985490e6e201545595816; expires=Mon, 23-Dec-19 20:10:16 GMT; path=/; domain=.discordapp.com; HttpOnly
Strict-Transport-Security: max-age=31536000; includeSubDomains
Content-Encoding: gzip
Via: 1.1 google
Alt-Svc: clear
Expect-CT: max-age=604800, report-uri="https://report-uri.cloudflare.com/cdn-cgi/beacon/expect-ct"
Server: cloudflare
CF-RAY: 48dd787c1a926415-FRA
", level="DEBUG(7)"}
[21:10:15] [DEBUG] [JDA RateLimit-Worker 1 - 42] net.dv8tion.jda.core.requests.Requester - Received response with following cf-rays: [48dd787c1a926415-FRA]
[21:10:15] [DEBUG] [JDA RateLimit-Worker 1 - 42] org.graylog2.gelfclient.transport.AbstractGelfTransport - Sending message: GelfMessage{version="1.1" timestamp="1545595815.398" short_message="Received response with following cf-rays: [48dd787c1a926415-FRA]", level="DEBUG(7)"}
[21:10:15] [INFO ] [main - 1] co.groovybot.bot.core.audio.LavalinkManager - [LavalinkManager] Successfully initialized Lavalink with 1 Node!
[21:10:15] [DEBUG] [main - 1] org.graylog2.gelfclient.transport.AbstractGelfTransport - Sending message: GelfMessage{version="1.1" timestamp="1545595815.476" short_message="[LavalinkManager] Successfully initialized Lavalink with 1 Node!", level="INFO(6)"}
[21:10:15] [DEBUG] [HikariPool-1 connection adder - 36] com.zaxxer.hikari.pool.HikariPool - HikariPool-1 - Added connection org.postgresql.jdbc.PgConnection@7f3cf163
[21:10:15] [DEBUG] [HikariPool-1 connection adder - 36] org.graylog2.gelfclient.transport.AbstractGelfTransport - Sending message: GelfMessage{version="1.1" timestamp="1545595815.479" short_message="HikariPool-1 - Added connection org.postgresql.jdbc.PgConnection@7f3cf163", level="DEBUG(7)"}
[21:10:15] [INFO ] [JDA [0 / 1] MainWS-WriteThread - 53] net.dv8tion.jda.core.requests.WebSocketClient - Connected to WebSocket
[21:10:15] [DEBUG] [JDA [0 / 1] MainWS-WriteThread - 53] org.graylog2.gelfclient.transport.AbstractGelfTransport - Sending message: GelfMessage{version="1.1" timestamp="1545595815.519" short_message="Connected to WebSocket", level="INFO(6)"}
[21:10:15] [DEBUG] [JDA [0 / 1] MainWS-WriteThread - 53] net.dv8tion.jda.core.requests.WebSocketClient - Sending Identify-packet...
[21:10:15] [DEBUG] [JDA [0 / 1] MainWS-WriteThread - 53] org.graylog2.gelfclient.transport.AbstractGelfTransport - Sending message: GelfMessage{version="1.1" timestamp="1545595815.520" short_message="Sending Identify-packet...", level="DEBUG(7)"}
[21:10:15] [DEBUG] [JDA [0 / 1] MainWS-ReadThread - 52] net.dv8tion.jda.core.requests.WebSocketClient - Got HELLO packet (OP 10). Initializing keep-alive.
[21:10:15] [DEBUG] [JDA [0 / 1] MainWS-ReadThread - 52] org.graylog2.gelfclient.transport.AbstractGelfTransport - Sending message: GelfMessage{version="1.1" timestamp="1545595815.521" short_message="Got HELLO packet (OP 10). Initializing keep-alive.", level="DEBUG(7)"}
[21:10:15] [DEBUG] [JDA [0 / 1] MainWS-ReadThread - 52] net.dv8tion.jda.core.requests.WebSocketClient - Received a _trace for HELLO (OP: 10) with ["gateway-prd-main-d3vr"]
[21:10:15] [DEBUG] [JDA [0 / 1] MainWS-ReadThread - 52] org.graylog2.gelfclient.transport.AbstractGelfTransport - Sending message: GelfMessage{version="1.1" timestamp="1545595815.523" short_message="Received a _trace for HELLO (OP: 10) with ["gateway-prd-main-d3vr"]", level="DEBUG(7)"}
[21:10:15] [INFO ] [WebSocketConnectReadThread-50 - 50] lavalink.client.io.LavalinkSocket - Received handshake from server
[21:10:15] [DEBUG] [WebSocketConnectReadThread-50 - 50] org.graylog2.gelfclient.transport.AbstractGelfTransport - Sending message: GelfMessage{version="1.1" timestamp="1545595815.546" short_message="Received handshake from server", level="INFO(6)"}
[21:10:15] [DEBUG] [WebSocketConnectReadThread-50 - 50] lavalink.client.io.LavalinkSocket - {"playingPlayers":17,"op":"stats","memory":{"reservable":4294967296,"used":424079376,"free":102305776,"allocated":526385152},"players":144,"cpu":{"cores":4,"systemLoad":0.09375,"lavalinkLoad":0.35473479957863846},"uptime":179229953}
[21:10:15] [DEBUG] [WebSocketConnectReadThread-50 - 50] org.graylog2.gelfclient.transport.AbstractGelfTransport - Sending message: GelfMessage{version="1.1" timestamp="1545595815.586" short_message="{"playingPlayers":17,"op":"stats","memory":{"reservable":4294967296,"used":424079376,"free":102305776,"allocated":526385152},"players":144,"cpu":{"cores":4,"systemLoad":0.09375,"lavalinkLoad":0.35473479957863846},"uptime":179229953}", level="DEBUG(7)"}
[21:10:15] [DEBUG] [HikariPool-1 connection adder - 36] com.zaxxer.hikari.pool.HikariPool - HikariPool-1 - Added connection org.postgresql.jdbc.PgConnection@6e6e4a3f
[21:10:15] [DEBUG] [HikariPool-1 connection adder - 36] org.graylog2.gelfclient.transport.AbstractGelfTransport - Sending message: GelfMessage{version="1.1" timestamp="1545595815.717" short_message="HikariPool-1 - Added connection org.postgresql.jdbc.PgConnection@6e6e4a3f", level="DEBUG(7)"}
[21:10:15] [DEBUG] [JDA [0 / 1] MainWS-ReadThread - 52] net.dv8tion.jda.core.requests.WebSocketClient - Received a _trace for READY (OP: 0) with ["gateway-prd-main-d3vr","discord-sessions-prd-1-6"]
[21:10:15] [DEBUG] [JDA [0 / 1] MainWS-ReadThread - 52] org.graylog2.gelfclient.transport.AbstractGelfTransport - Sending message: GelfMessage{version="1.1" timestamp="1545595815.818" short_message="Received a _trace for READY (OP: 0) with ["gateway-prd-main-d3vr","discord-sessions-prd-1-6"]", level="DEBUG(7)"}
[21:10:15] [DEBUG] [JDA [0 / 1] MainWS-ReadThread - 52] net.dv8tion.jda.core.handle.GuildSetupController - Setting incomplete count to 8
[21:10:15] [DEBUG] [JDA [0 / 1] MainWS-ReadThread - 52] org.graylog2.gelfclient.transport.AbstractGelfTransport - Sending message: GelfMessage{version="1.1" timestamp="1545595815.819" short_message="Setting incomplete count to 8", level="DEBUG(7)"}
[21:10:15] [DEBUG] [JDA [0 / 1] MainWS-ReadThread - 52] net.dv8tion.jda.core.handle.GuildSetupController - Finished setup for guild 258294814309744642 firing cached events 0
[21:10:15] [DEBUG] [JDA [0 / 1] MainWS-ReadThread - 52] org.graylog2.gelfclient.transport.AbstractGelfTransport - Sending message: GelfMessage{version="1.1" timestamp="1545595815.884" short_message="Finished setup for guild 258294814309744642 firing cached events 0", level="DEBUG(7)"}
[21:10:15] [DEBUG] [JDA [0 / 1] MainWS-ReadThread - 52] net.dv8tion.jda.core.handle.GuildSetupController - Finished setup for guild 327074506390896652 firing cached events 0
[21:10:15] [DEBUG] [JDA [0 / 1] MainWS-ReadThread - 52] org.graylog2.gelfclient.transport.AbstractGelfTransport - Sending message: GelfMessage{version="1.1" timestamp="1545595815.889" short_message="Finished setup for guild 327074506390896652 firing cached events 0", level="DEBUG(7)"}
[21:10:15] [DEBUG] [JDA [0 / 1] MainWS-ReadThread - 52] net.dv8tion.jda.core.handle.GuildSetupController - Finished setup for guild 343489621713485834 firing cached events 0
[21:10:15] [DEBUG] [JDA [0 / 1] MainWS-ReadThread - 52] org.graylog2.gelfclient.transport.AbstractGelfTransport - Sending message: GelfMessage{version="1.1" timestamp="1545595815.892" short_message="Finished setup for guild 343489621713485834 firing cached events 0", level="DEBUG(7)"}
[21:10:15] [DEBUG] [JDA [0 / 1] MainWS-ReadThread - 52] net.dv8tion.jda.core.handle.GuildSetupController - Finished setup for guild 442250363425390592 firing cached events 0
[21:10:15] [DEBUG] [JDA [0 / 1] MainWS-ReadThread - 52] org.graylog2.gelfclient.transport.AbstractGelfTransport - Sending message: GelfMessage{version="1.1" timestamp="1545595815.898" short_message="Finished setup for guild 442250363425390592 firing cached events 0", level="DEBUG(7)"}
[21:10:15] [DEBUG] [HikariPool-1 connection adder - 36] com.zaxxer.hikari.pool.HikariPool - HikariPool-1 - Added connection org.postgresql.jdbc.PgConnection@794a31a6
[21:10:15] [DEBUG] [HikariPool-1 connection adder - 36] org.graylog2.gelfclient.transport.AbstractGelfTransport - Sending message: GelfMessage{version="1.1" timestamp="1545595815.957" short_message="HikariPool-1 - Added connection org.postgresql.jdbc.PgConnection@794a31a6", level="DEBUG(7)"}
[21:10:15] [DEBUG] [JDA [0 / 1] MainWS-ReadThread - 52] net.dv8tion.jda.core.handle.GuildSetupController - Finished setup for guild 500004771038494720 firing cached events 0
[21:10:15] [DEBUG] [JDA [0 / 1] MainWS-ReadThread - 52] org.graylog2.gelfclient.transport.AbstractGelfTransport - Sending message: GelfMessage{version="1.1" timestamp="1545595815.972" short_message="Finished setup for guild 500004771038494720 firing cached events 0", level="DEBUG(7)"}
[21:10:15] [DEBUG] [JDA [0 / 1] MainWS-ReadThread - 52] net.dv8tion.jda.core.handle.GuildSetupController - Finished setup for guild 486416040343896064 firing cached events 0
[21:10:15] [DEBUG] [JDA [0 / 1] MainWS-ReadThread - 52] org.graylog2.gelfclient.transport.AbstractGelfTransport - Sending message: GelfMessage{version="1.1" timestamp="1545595815.977" short_message="Finished setup for guild 486416040343896064 firing cached events 0", level="DEBUG(7)"}
[21:10:15] [DEBUG] [JDA [0 / 1] MainWS-ReadThread - 52] net.dv8tion.jda.core.handle.GuildSetupController - Sending chunking requests for 1 guilds
[21:10:15] [DEBUG] [JDA [0 / 1] MainWS-ReadThread - 52] org.graylog2.gelfclient.transport.AbstractGelfTransport - Sending message: GelfMessage{version="1.1" timestamp="1545595815.987" short_message="Sending chunking requests for 1 guilds", level="DEBUG(7)"}
[21:10:15] [DEBUG] [JDA [0 / 1] MainWS-ReadThread - 52] net.dv8tion.jda.core.handle.GuildSetupController - Finished setup for guild 507517900127469568 firing cached events 0
[21:10:15] [DEBUG] [JDA [0 / 1] MainWS-ReadThread - 52] org.graylog2.gelfclient.transport.AbstractGelfTransport - Sending message: GelfMessage{version="1.1" timestamp="1545595815.989" short_message="Finished setup for guild 507517900127469568 firing cached events 0", level="DEBUG(7)"}
[21:10:16] [DEBUG] [gelfTcpTransport-1-1 - 16] org.graylog2.gelfclient.transport.AbstractGelfTransport - Starting reconnect!
[21:10:16] [DEBUG] [gelfTcpTransport-1-1 - 16] org.graylog2.gelfclient.transport.AbstractGelfTransport - Sending message: GelfMessage{version="1.1" timestamp="1545595816.155" short_message="Starting reconnect!", level="DEBUG(7)"}
[21:10:16] [DEBUG] [HikariPool-1 connection adder - 36] com.zaxxer.hikari.pool.HikariPool - HikariPool-1 - Added connection org.postgresql.jdbc.PgConnection@1b9d6c0e
[21:10:16] [DEBUG] [HikariPool-1 connection adder - 36] org.graylog2.gelfclient.transport.AbstractGelfTransport - Sending message: GelfMessage{version="1.1" timestamp="1545595816.191" short_message="HikariPool-1 - Added connection org.postgresql.jdbc.PgConnection@1b9d6c0e", level="DEBUG(7)"}
[21:10:16] [DEBUG] [JDA [0 / 1] Gateway-Worker 1 - 47] net.dv8tion.jda.core.requests.WebSocketClient - Sending chunk/sync request {"op":8,"d":{"query":"","guild_id":[403882830225997825],"limit":0}}
[21:10:16] [DEBUG] [JDA [0 / 1] Gateway-Worker 1 - 47] org.graylog2.gelfclient.transport.AbstractGelfTransport - Sending message: GelfMessage{version="1.1" timestamp="1545595816.408" short_message="Sending chunk/sync request {"op":8,"d":{"query":"","guild_id":[403882830225997825],"limit":0}}", level="DEBUG(7)"}
[21:10:16] [DEBUG] [HikariPool-1 connection adder - 36] com.zaxxer.hikari.pool.HikariPool - HikariPool-1 - Added connection org.postgresql.jdbc.PgConnection@6cffe12a
[21:10:16] [DEBUG] [HikariPool-1 connection adder - 36] org.graylog2.gelfclient.transport.AbstractGelfTransport - Sending message: GelfMessage{version="1.1" timestamp="1545595816.434" short_message="HikariPool-1 - Added connection org.postgresql.jdbc.PgConnection@6cffe12a", level="DEBUG(7)"}
[21:10:16] [DEBUG] [HikariPool-1 connection adder - 36] com.zaxxer.hikari.pool.HikariPool - HikariPool-1 - After adding stats (total=15, active=0, idle=15, waiting=0)
[21:10:16] [DEBUG] [HikariPool-1 connection adder - 36] org.graylog2.gelfclient.transport.AbstractGelfTransport - Sending message: GelfMessage{version="1.1" timestamp="1545595816.434" short_message="HikariPool-1 - After adding stats (total=15, active=0, idle=15, waiting=0)", level="DEBUG(7)"}
[21:10:16] [DEBUG] [JDA [0 / 1] MainWS-ReadThread - 52] net.dv8tion.jda.core.handle.GuildSetupController - Received member chunk for guild id: 403882830225997825 size: 1000
[21:10:16] [DEBUG] [JDA [0 / 1] MainWS-ReadThread - 52] org.graylog2.gelfclient.transport.AbstractGelfTransport - Sending message: GelfMessage{version="1.1" timestamp="1545595816.639" short_message="Received member chunk for guild id: 403882830225997825 size: 1000", level="DEBUG(7)"}
[21:10:16] [DEBUG] [JDA [0 / 1] MainWS-ReadThread - 52] net.dv8tion.jda.core.handle.GuildSetupController - Received member chunk for guild id: 403882830225997825 size: 236
[21:10:16] [DEBUG] [JDA [0 / 1] MainWS-ReadThread - 52] org.graylog2.gelfclient.transport.AbstractGelfTransport - Sending message: GelfMessage{version="1.1" timestamp="1545595816.700" short_message="Received member chunk for guild id: 403882830225997825 size: 236", level="DEBUG(7)"}
[21:10:16] [INFO ] [JDA [0 / 1] MainWS-ReadThread - 52] net.dv8tion.jda.core.JDA - Finished Loading!
[21:10:16] [DEBUG] [JDA [0 / 1] MainWS-ReadThread - 52] org.graylog2.gelfclient.transport.AbstractGelfTransport - Sending message: GelfMessage{version="1.1" timestamp="1545595816.764" short_message="Finished Loading!", level="INFO(6)"}
[21:10:16] [INFO ] [JDA [0 / 1] MainWS-ReadThread - 52] co.groovybot.bot.listeners.ShardsListener - [ShardManager] Successfully launched 1 Shard! Finishing Startup ...
[21:10:16] [DEBUG] [JDA [0 / 1] MainWS-ReadThread - 52] org.graylog2.gelfclient.transport.AbstractGelfTransport - Sending message: GelfMessage{version="1.1" timestamp="1545595816.766" short_message="[ShardManager] Successfully launched 1 Shard! Finishing Startup ...", level="INFO(6)"}
[21:10:16] [INFO ] [JDA [0 / 1] MainWS-ReadThread - 52] co.groovybot.bot.GroovyBot - [MusicPlayerManager] Initializing MusicPlayers ...
[21:10:16] [DEBUG] [JDA [0 / 1] MainWS-ReadThread - 52] org.graylog2.gelfclient.transport.AbstractGelfTransport - Sending message: GelfMessage{version="1.1" timestamp="1545595816.780" short_message="[MusicPlayerManager] Initializing MusicPlayers ...", level="INFO(6)"}
[21:10:16] [DEBUG] [JDA [0 / 1] MainWS-ReadThread - 52] lavalink.client.io.Link - Link Link{guild='403882830225997825', channel='null', state=NOT_CONNECTED} changed state from NOT_CONNECTED to CONNECTING
[21:10:16] [DEBUG] [JDA [0 / 1] MainWS-ReadThread - 52] org.graylog2.gelfclient.transport.AbstractGelfTransport - Sending message: GelfMessage{version="1.1" timestamp="1545595816.880" short_message="Link Link{guild='403882830225997825', channel='null', state=NOT_CONNECTED} changed state from NOT_CONNECTED to CONNECTING", level="DEBUG(7)"}
[21:10:16] [INFO ] [JDA [0 / 1] MainWS-ReadThread - 52] co.groovybot.bot.core.audio.MusicPlayerManager - [MusicPlayerManager] Successfully initialized 0 MusicPlayers!
[21:10:16] [DEBUG] [JDA [0 / 1] MainWS-ReadThread - 52] org.graylog2.gelfclient.transport.AbstractGelfTransport - Sending message: GelfMessage{version="1.1" timestamp="1545595816.885" short_message="[MusicPlayerManager] Successfully initialized 0 MusicPlayers!", level="INFO(6)"}
[21:10:16] [INFO ] [JDA [0 / 1] MainWS-ReadThread - 52] co.groovybot.bot.GroovyBot - [PremiumHandler] Initializing Patrons ...
[21:10:16] [DEBUG] [JDA [0 / 1] MainWS-ReadThread - 52] org.graylog2.gelfclient.transport.AbstractGelfTransport - Sending message: GelfMessage{version="1.1" timestamp="1545595816.885" short_message="[PremiumHandler] Initializing Patrons ...", level="INFO(6)"}
[21:10:16] [DEBUG] [JDA [0 / 1] Gateway-Worker 1 - 47] net.dv8tion.jda.core.requests.WebSocketClient - Sending voice request {"op":4,"d":{"self_deaf":true,"guild_id":403882830225997825,"channel_id":404313679308521483,"self_mute":false}}
[21:10:16] [DEBUG] [JDA [0 / 1] Gateway-Worker 1 - 47] org.graylog2.gelfclient.transport.AbstractGelfTransport - Sending message: GelfMessage{version="1.1" timestamp="1545595816.922" short_message="Sending voice request {"op":4,"d":{"self_deaf":true,"guild_id":403882830225997825,"channel_id":404313679308521483,"self_mute":false}}", level="DEBUG(7)"}
[21:10:16] [DEBUG] [JDA [0 / 1] Gateway-Worker 1 - 47] net.dv8tion.jda.core.requests.WebSocketClient - Sending normal message {"op":3,"d":{"game":{"name":"Starting ...","type":0},"afk":false,"status":"online","since":1545595816779}}
[21:10:16] [DEBUG] [JDA [0 / 1] Gateway-Worker 1 - 47] org.graylog2.gelfclient.transport.AbstractGelfTransport - Sending message: GelfMessage{version="1.1" timestamp="1545595816.934" short_message="Sending normal message {"op":3,"d":{"game":{"name":"Starting ...","type":0},"afk":false,"status":"online","since":1545595816779}}", level="DEBUG(7)"}
[21:10:16] [DEBUG] [JDA [0 / 1] Gateway-Worker 1 - 47] net.dv8tion.jda.core.requests.WebSocketClient - Sending normal message {"op":3,"d":{"game":{"name":"groovybot.co","type":3},"afk":false,"status":"online","since":1545595816782}}
[21:10:16] [DEBUG] [JDA [0 / 1] Gateway-Worker 1 - 47] org.graylog2.gelfclient.transport.AbstractGelfTransport - Sending message: GelfMessage{version="1.1" timestamp="1545595816.945" short_message="Sending normal message {"op":3,"d":{"game":{"name":"groovybot.co","type":3},"afk":false,"status":"online","since":1545595816782}}", level="DEBUG(7)"}
[21:10:16] [INFO ] [JDA [0 / 1] MainWS-ReadThread - 52] co.groovybot.bot.core.premium.PremiumHandler - [PremiumHandler] Successfully initialized Patrons!
[21:10:16] [DEBUG] [JDA [0 / 1] MainWS-ReadThread - 52] org.graylog2.gelfclient.transport.AbstractGelfTransport - Sending message: GelfMessage{version="1.1" timestamp="1545595816.947" short_message="[PremiumHandler] Successfully initialized Patrons!", level="INFO(6)"}
[21:10:16] [INFO ] [JDA [0 / 1] MainWS-ReadThread - 52] co.groovybot.bot.GroovyBot - [MonitoringManager] Monitoring disabled, because there is no connection to InfluxDB!
[21:10:16] [DEBUG] [JDA [0 / 1] MainWS-ReadThread - 52] org.graylog2.gelfclient.transport.AbstractGelfTransport - Sending message: GelfMessage{version="1.1" timestamp="1545595816.948" short_message="[MonitoringManager] Monitoring disabled, because there is no connection to InfluxDB!", level="INFO(6)"}
[21:10:16] [INFO ] [JDA [0 / 1] MainWS-ReadThread - 52] co.groovybot.bot.GroovyBot - [Core] Successfully launched Groovy!
[21:10:16] [DEBUG] [JDA [0 / 1] MainWS-ReadThread - 52] org.graylog2.gelfclient.transport.AbstractGelfTransport - Sending message: GelfMessage{version="1.1" timestamp="1545595816.948" short_message="[Core] Successfully launched Groovy!", level="INFO(6)"}
[21:10:16] [DEBUG] [JDA [0 / 1] MainWS-ReadThread - 52] net.dv8tion.jda.core.handle.GuildSetupController - Finished setup for guild 403882830225997825 firing cached events 0
[21:10:16] [DEBUG] [JDA [0 / 1] MainWS-ReadThread - 52] org.graylog2.gelfclient.transport.AbstractGelfTransport - Sending message: GelfMessage{version="1.1" timestamp="1545595816.950" short_message="Finished setup for guild 403882830225997825 firing cached events 0", level="DEBUG(7)"}
[21:10:17] [ERROR] [gelfTcpTransport-1-1 - 16] org.graylog2.gelfclient.transport.GelfTcpTransport - Connection failed: Connection refused: no further information: localhost/127.0.0.1:12201
[21:10:17] [DEBUG] [gelfTcpTransport-1-1 - 16] org.graylog2.gelfclient.transport.AbstractGelfTransport - Sending message: GelfMessage{version="1.1" timestamp="1545595817.156" short_message="Connection failed: Connection refused: no further information: localhost/127.0.0.1:12201", level="ERROR(3)"}
[21:10:17] [DEBUG] [JDA [0 / 1] MainWS-ReadThread - 52] lavalink.client.io.jda.VoiceServerUpdateInterceptor - {"endpoint":"eu-central620.discord.gg:80","guild_id":"403882830225997825","token":"8240bd8b0b8df797"}
[21:10:17] [DEBUG] [JDA [0 / 1] MainWS-ReadThread - 52] org.graylog2.gelfclient.transport.AbstractGelfTransport - Sending message: GelfMessage{version="1.1" timestamp="1545595817.176" short_message="{"endpoint":"eu-central620.discord.gg:80","guild_id":"403882830225997825","token":"8240bd8b0b8df797"}", level="DEBUG(7)"}
[21:10:17] [DEBUG] [JDA [0 / 1] MainWS-ReadThread - 52] lavalink.client.io.Link - Link Link{guild='403882830225997825', channel='404313679308521483', state=CONNECTING} changed state from CONNECTING to CONNECTED
[21:10:17] [DEBUG] [JDA [0 / 1] MainWS-ReadThread - 52] org.graylog2.gelfclient.transport.AbstractGelfTransport - Sending message: GelfMessage{version="1.1" timestamp="1545595817.179" short_message="Link Link{guild='403882830225997825', channel='404313679308521483', state=CONNECTING} changed state from CONNECTING to CONNECTED", level="DEBUG(7)"}
[21:10:18] [DEBUG] [gelfTcpTransport-1-1 - 16] org.graylog2.gelfclient.transport.AbstractGelfTransport - Starting reconnect!
[21:10:18] [DEBUG] [gelfTcpTransport-1-1 - 16] org.graylog2.gelfclient.transport.AbstractGelfTransport - Sending message: GelfMessage{version="1.1" timestamp="1545595818.157" short_message="Starting reconnect!", level="DEBUG(7)"}
[21:10:18] [DEBUG] [JDA [0 / 1] Gateway-Worker 1 - 47] net.dv8tion.jda.core.requests.WebSocketClient - Sending voice request {"op":4,"d":{"self_deaf":true,"guild_id":403882830225997825,"channel_id":404313679308521483,"self_mute":false}}
[21:10:18] [DEBUG] [JDA [0 / 1] Gateway-Worker 1 - 47] org.graylog2.gelfclient.transport.AbstractGelfTransport - Sending message: GelfMessage{version="1.1" timestamp="1545595818.957" short_message="Sending voice request {"op":4,"d":{"self_deaf":true,"guild_id":403882830225997825,"channel_id":404313679308521483,"self_mute":false}}", level="DEBUG(7)"}
[21:10:19] [ERROR] [gelfTcpTransport-1-1 - 16] org.graylog2.gelfclient.transport.GelfTcpTransport - Connection failed: Connection refused: no further information: localhost/127.0.0.1:12201
[21:10:19] [DEBUG] [gelfTcpTransport-1-1 - 16] org.graylog2.gelfclient.transport.AbstractGelfTransport - Sending message: GelfMessage{version="1.1" timestamp="1545595819.158" short_message="Connection failed: Connection refused: no further information: localhost/127.0.0.1:12201", level="ERROR(3)"}
[21:10:20] [DEBUG] [gelfTcpTransport-1-1 - 16] org.graylog2.gelfclient.transport.AbstractGelfTransport - Starting reconnect!
[21:10:20] [DEBUG] [gelfTcpTransport-1-1 - 16] org.graylog2.gelfclient.transport.AbstractGelfTransport - Sending message: GelfMessage{version="1.1" timestamp="1545595820.160" short_message="Starting reconnect!", level="DEBUG(7)"}
[21:10:21] [ERROR] [gelfTcpTransport-1-1 - 16] org.graylog2.gelfclient.transport.GelfTcpTransport - Connection failed: Connection refused: no further information: localhost/127.0.0.1:12201
[21:10:21] [DEBUG] [gelfTcpTransport-1-1 - 16] org.graylog2.gelfclient.transport.AbstractGelfTransport - Sending message: GelfMessage{version="1.1" timestamp="1545595821.168" short_message="Connection failed: Connection refused: no further information: localhost/127.0.0.1:12201", level="ERROR(3)"}
[21:10:22] [DEBUG] [gelfTcpTransport-1-1 - 16] org.graylog2.gelfclient.transport.AbstractGelfTransport - Starting reconnect!
[21:10:22] [DEBUG] [gelfTcpTransport-1-1 - 16] org.graylog2.gelfclient.transport.AbstractGelfTransport - Sending message: GelfMessage{version="1.1" timestamp="1545595822.169" short_message="Starting reconnect!", level="DEBUG(7)"}
[21:10:23] [ERROR] [gelfTcpTransport-1-1 - 16] org.graylog2.gelfclient.transport.GelfTcpTransport - Connection failed: Connection refused: no further information: localhost/127.0.0.1:12201
[21:10:23] [DEBUG] [gelfTcpTransport-1-1 - 16] org.graylog2.gelfclient.transport.AbstractGelfTransport - Sending message: GelfMessage{version="1.1" timestamp="1545595823.178" short_message="Connection failed: Connection refused: no further information: localhost/127.0.0.1:12201", level="ERROR(3)"}
[21:10:24] [DEBUG] [gelfTcpTransport-1-1 - 16] org.graylog2.gelfclient.transport.AbstractGelfTransport - Starting reconnect!
[21:10:24] [DEBUG] [gelfTcpTransport-1-1 - 16] org.graylog2.gelfclient.transport.AbstractGelfTransport - Sending message: GelfMessage{version="1.1" timestamp="1545595824.179" short_message="Starting reconnect!", level="DEBUG(7)"}
[21:10:25] [ERROR] [gelfTcpTransport-1-1 - 16] org.graylog2.gelfclient.transport.GelfTcpTransport - Connection failed: Connection refused: no further information: localhost/127.0.0.1:12201
[21:10:25] [DEBUG] [gelfTcpTransport-1-1 - 16] org.graylog2.gelfclient.transport.AbstractGelfTransport - Sending message: GelfMessage{version="1.1" timestamp="1545595825.181" short_message="Connection failed: Connection refused: no further information: localhost/127.0.0.1:12201", level="ERROR(3)"}
[21:10:26] [DEBUG] [gelfTcpTransport-1-1 - 16] org.graylog2.gelfclient.transport.AbstractGelfTransport - Starting reconnect!
[21:10:26] [DEBUG] [gelfTcpTransport-1-1 - 16] org.graylog2.gelfclient.transport.AbstractGelfTransport - Sending message: GelfMessage{version="1.1" timestamp="1545595826.182" short_message="Starting reconnect!", level="DEBUG(7)"}
[21:10:27] [ERROR] [gelfTcpTransport-1-1 - 16] org.graylog2.gelfclient.transport.GelfTcpTransport - Connection failed: Connection refused: no further information: localhost/127.0.0.1:12201
[21:10:27] [DEBUG] [gelfTcpTransport-1-1 - 16] org.graylog2.gelfclient.transport.AbstractGelfTransport - Sending message: GelfMessage{version="1.1" timestamp="1545595827.186" short_message="Connection failed: Connection refused: no further information: localhost/127.0.0.1:12201", level="ERROR(3)"}
[21:10:28] [DEBUG] [gelfTcpTransport-1-1 - 16] org.graylog2.gelfclient.transport.AbstractGelfTransport - Starting reconnect!
[21:10:28] [DEBUG] [gelfTcpTransport-1-1 - 16] org.graylog2.gelfclient.transport.AbstractGelfTransport - Sending message: GelfMessage{version="1.1" timestamp="1545595828.186" short_message="Starting reconnect!", level="DEBUG(7)"}
[21:10:29] [ERROR] [gelfTcpTransport-1-1 - 16] org.graylog2.gelfclient.transport.GelfTcpTransport - Connection failed: Connection refused: no further information: localhost/127.0.0.1:12201
[21:10:29] [DEBUG] [gelfTcpTransport-1-1 - 16] org.graylog2.gelfclient.transport.AbstractGelfTransport - Sending message: GelfMessage{version="1.1" timestamp="1545595829.189" short_message="Connection failed: Connection refused: no further information: localhost/127.0.0.1:12201", level="ERROR(3)"}
[21:10:30] [DEBUG] [gelfTcpTransport-1-1 - 16] org.graylog2.gelfclient.transport.AbstractGelfTransport - Starting reconnect!
[21:10:30] [DEBUG] [gelfTcpTransport-1-1 - 16] org.graylog2.gelfclient.transport.AbstractGelfTransport - Sending message: GelfMessage{version="1.1" timestamp="1545595830.189" short_message="Starting reconnect!", level="DEBUG(7)"}
[21:10:31] [ERROR] [gelfTcpTransport-1-1 - 16] org.graylog2.gelfclient.transport.GelfTcpTransport - Connection failed: Connection refused: no further information: localhost/127.0.0.1:12201
[21:10:31] [DEBUG] [gelfTcpTransport-1-1 - 16] org.graylog2.gelfclient.transport.AbstractGelfTransport - Sending message: GelfMessage{version="1.1" timestamp="1545595831.192" short_message="Connection failed: Connection refused: no further information: localhost/127.0.0.1:12201", level="ERROR(3)"}
[21:10:32] [DEBUG] [gelfTcpTransport-1-1 - 16] org.graylog2.gelfclient.transport.AbstractGelfTransport - Starting reconnect!
[21:10:32] [DEBUG] [gelfTcpTransport-1-1 - 16] org.graylog2.gelfclient.transport.AbstractGelfTransport - Sending message: GelfMessage{version="1.1" timestamp="1545595832.193" short_message="Starting reconnect!", level="DEBUG(7)"}
[21:10:33] [ERROR] [gelfTcpTransport-1-1 - 16] org.graylog2.gelfclient.transport.GelfTcpTransport - Connection failed: Connection refused: no further information: localhost/127.0.0.1:12201
[21:10:33] [DEBUG] [gelfTcpTransport-1-1 - 16] org.graylog2.gelfclient.transport.AbstractGelfTransport - Sending message: GelfMessage{version="1.1" timestamp="1545595833.195" short_message="Connection failed: Connection refused: no further information: localhost/127.0.0.1:12201", level="ERROR(3)"}
[21:10:34] [DEBUG] [gelfTcpTransport-1-1 - 16] org.graylog2.gelfclient.transport.AbstractGelfTransport - Starting reconnect!
[21:10:34] [DEBUG] [gelfTcpTransport-1-1 - 16] org.graylog2.gelfclient.transport.AbstractGelfTransport - Sending message: GelfMessage{version="1.1" timestamp="1545595834.196" short_message="Starting reconnect!", level="DEBUG(7)"}
[21:10:35] [ERROR] [gelfTcpTransport-1-1 - 16] org.graylog2.gelfclient.transport.GelfTcpTransport - Connection failed: Connection refused: no further information: localhost/127.0.0.1:12201
[21:10:35] [DEBUG] [gelfTcpTransport-1-1 - 16] org.graylog2.gelfclient.transport.AbstractGelfTransport - Sending message: GelfMessage{version="1.1" timestamp="1545595835.199" short_message="Connection failed: Connection refused: no further information: localhost/127.0.0.1:12201", level="ERROR(3)"}
[21:10:36] [DEBUG] [gelfTcpTransport-1-1 - 16] org.graylog2.gelfclient.transport.AbstractGelfTransport - Starting reconnect!
[21:10:36] [DEBUG] [gelfTcpTransport-1-1 - 16] org.graylog2.gelfclient.transport.AbstractGelfTransport - Sending message: GelfMessage{version="1.1" timestamp="1545595836.200" short_message="Starting reconnect!", level="DEBUG(7)"}
[21:10:37] [ERROR] [gelfTcpTransport-1-1 - 16] org.graylog2.gelfclient.transport.GelfTcpTransport - Connection failed: Connection refused: no further information: localhost/127.0.0.1:12201
[21:10:37] [DEBUG] [gelfTcpTransport-1-1 - 16] org.graylog2.gelfclient.transport.AbstractGelfTransport - Sending message: GelfMessage{version="1.1" timestamp="1545595837.201" short_message="Connection failed: Connection refused: no further information: localhost/127.0.0.1:12201", level="ERROR(3)"}
[21:10:38] [DEBUG] [gelfTcpTransport-1-1 - 16] org.graylog2.gelfclient.transport.AbstractGelfTransport - Starting reconnect!
[21:10:38] [DEBUG] [gelfTcpTransport-1-1 - 16] org.graylog2.gelfclient.transport.AbstractGelfTransport - Sending message: GelfMessage{version="1.1" timestamp="1545595838.201" short_message="Starting reconnect!", level="DEBUG(7)"}
[21:10:39] [ERROR] [gelfTcpTransport-1-1 - 16] org.graylog2.gelfclient.transport.GelfTcpTransport - Connection failed: Connection refused: no further information: localhost/127.0.0.1:12201
[21:10:39] [DEBUG] [gelfTcpTransport-1-1 - 16] org.graylog2.gelfclient.transport.AbstractGelfTransport - Sending message: GelfMessage{version="1.1" timestamp="1545595839.202" short_message="Connection failed: Connection refused: no further information: localhost/127.0.0.1:12201", level="ERROR(3)"}
[21:10:40] [DEBUG] [gelfTcpTransport-1-1 - 16] org.graylog2.gelfclient.transport.AbstractGelfTransport - Starting reconnect!
[21:10:40] [DEBUG] [gelfTcpTransport-1-1 - 16] org.graylog2.gelfclient.transport.AbstractGelfTransport - Sending message: GelfMessage{version="1.1" timestamp="1545595840.203" short_message="Starting reconnect!", level="DEBUG(7)"}
[21:10:41] [ERROR] [gelfTcpTransport-1-1 - 16] org.graylog2.gelfclient.transport.GelfTcpTransport - Connection failed: Connection refused: no further information: localhost/127.0.0.1:12201
[21:10:41] [DEBUG] [gelfTcpTransport-1-1 - 16] org.graylog2.gelfclient.transport.AbstractGelfTransport - Sending message: GelfMessage{version="1.1" timestamp="1545595841.207" short_message="Connection failed: Connection refused: no further information: localhost/127.0.0.1:12201", level="ERROR(3)"}
[21:10:42] [DEBUG] [gelfTcpTransport-1-1 - 16] org.graylog2.gelfclient.transport.AbstractGelfTransport - Starting reconnect!
[21:10:42] [DEBUG] [gelfTcpTransport-1-1 - 16] org.graylog2.gelfclient.transport.AbstractGelfTransport - Sending message: GelfMessage{version="1.1" timestamp="1545595842.207" short_message="Starting reconnect!", level="DEBUG(7)"}
[21:10:43] [DEBUG] [HikariPool-1 housekeeper - 35] com.zaxxer.hikari.pool.HikariPool - HikariPool-1 - Pool stats (total=15, active=1, idle=14, waiting=0)
[21:10:43] [DEBUG] [HikariPool-1 housekeeper - 35] org.graylog2.gelfclient.transport.AbstractGelfTransport - Sending message: GelfMessage{version="1.1" timestamp="1545595843.161" short_message="HikariPool-1 - Pool stats (total=15, active=1, idle=14, waiting=0)", level="DEBUG(7)"}
[21:10:43] [ERROR] [gelfTcpTransport-1-1 - 16] org.graylog2.gelfclient.transport.GelfTcpTransport - Connection failed: Connection refused: no further information: localhost/127.0.0.1:12201
[21:10:43] [DEBUG] [gelfTcpTransport-1-1 - 16] org.graylog2.gelfclient.transport.AbstractGelfTransport - Sending message: GelfMessage{version="1.1" timestamp="1545595843.211" short_message="Connection failed: Connection refused: no further information: localhost/127.0.0.1:12201", level="ERROR(3)"}
[21:10:44] [DEBUG] [gelfTcpTransport-1-1 - 16] org.graylog2.gelfclient.transport.AbstractGelfTransport - Starting reconnect!
[21:10:44] [DEBUG] [gelfTcpTransport-1-1 - 16] org.graylog2.gelfclient.transport.AbstractGelfTransport - Sending message: GelfMessage{version="1.1" timestamp="1545595844.211" short_message="Starting reconnect!", level="DEBUG(7)"}
[21:10:45] [ERROR] [gelfTcpTransport-1-1 - 16] org.graylog2.gelfclient.transport.GelfTcpTransport - Connection failed: Connection refused: no further information: localhost/127.0.0.1:12201
[21:10:45] [DEBUG] [gelfTcpTransport-1-1 - 16] org.graylog2.gelfclient.transport.AbstractGelfTransport - Sending message: GelfMessage{version="1.1" timestamp="1545595845.213" short_message="Connection failed: Connection refused: no further information: localhost/127.0.0.1:12201", level="ERROR(3)"}
[21:10:46] [DEBUG] [gelfTcpTransport-1-1 - 16] org.graylog2.gelfclient.transport.AbstractGelfTransport - Starting reconnect!
[21:10:46] [DEBUG] [gelfTcpTransport-1-1 - 16] org.graylog2.gelfclient.transport.AbstractGelfTransport - Sending message: GelfMessage{version="1.1" timestamp="1545595846.214" short_message="Starting reconnect!", level="DEBUG(7)"}
[21:10:46] [DEBUG] [JDA [0 / 1] Gateway-Worker 1 - 47] net.dv8tion.jda.core.requests.WebSocketClient - Sending normal message {"op":3,"d":{"game":{"name":"deinserverhost.de","type":3},"afk":false,"status":"online","since":1545595846781}}
[21:10:46] [DEBUG] [JDA [0 / 1] Gateway-Worker 1 - 47] org.graylog2.gelfclient.transport.AbstractGelfTransport - Sending message: GelfMessage{version="1.1" timestamp="1545595846.999" short_message="Sending normal message {"op":3,"d":{"game":{"name":"deinserverhost.de","type":3},"afk":false,"status":"online","since":1545595846781}}", level="DEBUG(7)"}
[21:10:47] [ERROR] [gelfTcpTransport-1-1 - 16] org.graylog2.gelfclient.transport.GelfTcpTransport - Connection failed: Connection refused: no further information: localhost/127.0.0.1:12201
[21:10:47] [DEBUG] [gelfTcpTransport-1-1 - 16] org.graylog2.gelfclient.transport.AbstractGelfTransport - Sending message: GelfMessage{version="1.1" timestamp="1545595847.218" short_message="Connection failed: Connection refused: no further information: localhost/127.0.0.1:12201", level="ERROR(3)"}
[21:10:48] [DEBUG] [gelfTcpTransport-1-1 - 16] org.graylog2.gelfclient.transport.AbstractGelfTransport - Starting reconnect!
[21:10:48] [DEBUG] [gelfTcpTransport-1-1 - 16] org.graylog2.gelfclient.transport.AbstractGelfTransport - Sending message: GelfMessage{version="1.1" timestamp="1545595848.219" short_message="Starting reconnect!", level="DEBUG(7)"}
[21:10:49] [ERROR] [gelfTcpTransport-1-1 - 16] org.graylog2.gelfclient.transport.GelfTcpTransport - Connection failed: Connection refused: no further information: localhost/127.0.0.1:12201
[21:10:49] [DEBUG] [gelfTcpTransport-1-1 - 16] org.graylog2.gelfclient.transport.AbstractGelfTransport - Sending message: GelfMessage{version="1.1" timestamp="1545595849.221" short_message="Connection failed: Connection refused: no further information: localhost/127.0.0.1:12201", level="ERROR(3)"}
[21:10:50] [DEBUG] [gelfTcpTransport-1-1 - 16] org.graylog2.gelfclient.transport.AbstractGelfTransport - Starting reconnect!
[21:10:50] [DEBUG] [gelfTcpTransport-1-1 - 16] org.graylog2.gelfclient.transport.AbstractGelfTransport - Sending message: GelfMessage{version="1.1" timestamp="1545595850.222" short_message="Starting reconnect!", level="DEBUG(7)"}
[21:10:51] [ERROR] [gelfTcpTransport-1-1 - 16] org.graylog2.gelfclient.transport.GelfTcpTransport - Connection failed: Connection refused: no further information: localhost/127.0.0.1:12201
[21:10:51] [DEBUG] [gelfTcpTransport-1-1 - 16] org.graylog2.gelfclient.transport.AbstractGelfTransport - Sending message: GelfMessage{version="1.1" timestamp="1545595851.232" short_message="Connection failed: Connection refused: no further information: localhost/127.0.0.1:12201", level="ERROR(3)"}
[21:10:52] [DEBUG] [gelfTcpTransport-1-1 - 16] org.graylog2.gelfclient.transport.AbstractGelfTransport - Starting reconnect!
[21:10:52] [DEBUG] [gelfTcpTransport-1-1 - 16] org.graylog2.gelfclient.transport.AbstractGelfTransport - Sending message: GelfMessage{version="1.1" timestamp="1545595852.233" short_message="Starting reconnect!", level="DEBUG(7)"}
[21:10:53] [ERROR] [gelfTcpTransport-1-1 - 16] org.graylog2.gelfclient.transport.GelfTcpTransport - Connection failed: Connection refused: no further information: localhost/127.0.0.1:12201
[21:10:53] [DEBUG] [gelfTcpTransport-1-1 - 16] org.graylog2.gelfclient.transport.AbstractGelfTransport - Sending message: GelfMessage{version="1.1" timestamp="1545595853.235" short_message="Connection failed: Connection refused: no further information: localhost/127.0.0.1:12201", level="ERROR(3)"}
