[18:02:25] [INFO ] [main - 1] co.groovybot.bot.GroovyBot - [Core] Starting Groovy ...
[18:02:25] [INFO ] [main - 1] co.groovybot.bot.GroovyBot - [Database] Initializing Database ...
[18:02:25] [INFO ] [main - 1] co.groovybot.bot.io.database.PostgreSQL - [Database] Connecting to Database ...
[18:02:25] [DEBUG] [main - 1] com.zaxxer.hikari.HikariConfig - HikariPool-1 - configuration:
[18:02:25] [DEBUG] [main - 1] com.zaxxer.hikari.HikariConfig - allowPoolSuspension.............false
[18:02:25] [DEBUG] [main - 1] com.zaxxer.hikari.HikariConfig - autoCommit......................true
[18:02:25] [DEBUG] [main - 1] com.zaxxer.hikari.HikariConfig - catalog.........................none
[18:02:25] [DEBUG] [main - 1] com.zaxxer.hikari.HikariConfig - connectionInitSql...............none
[18:02:25] [DEBUG] [main - 1] com.zaxxer.hikari.HikariConfig - connectionTestQuery.............none
[18:02:25] [DEBUG] [main - 1] com.zaxxer.hikari.HikariConfig - connectionTimeout...............30000
[18:02:25] [DEBUG] [main - 1] com.zaxxer.hikari.HikariConfig - dataSource......................none
[18:02:25] [DEBUG] [main - 1] com.zaxxer.hikari.HikariConfig - dataSourceClassName.............none
[18:02:25] [DEBUG] [main - 1] com.zaxxer.hikari.HikariConfig - dataSourceJNDI..................none
[18:02:25] [DEBUG] [main - 1] com.zaxxer.hikari.HikariConfig - dataSourceProperties............{password=<masked>, prepStmtCacheSqlLimit=2048, cachePrepStmts=true, prepStmtCacheSize=250}
[18:02:25] [DEBUG] [main - 1] com.zaxxer.hikari.HikariConfig - driverClassName.................none
[18:02:25] [DEBUG] [main - 1] com.zaxxer.hikari.HikariConfig - healthCheckProperties...........{}
[18:02:25] [DEBUG] [main - 1] com.zaxxer.hikari.HikariConfig - healthCheckRegistry.............none
[18:02:25] [DEBUG] [main - 1] com.zaxxer.hikari.HikariConfig - idleTimeout.....................600000
[18:02:25] [DEBUG] [main - 1] com.zaxxer.hikari.HikariConfig - initializationFailTimeout.......1
[18:02:25] [DEBUG] [main - 1] com.zaxxer.hikari.HikariConfig - isolateInternalQueries..........false
[18:02:25] [DEBUG] [main - 1] com.zaxxer.hikari.HikariConfig - jdbcUrl.........................jdbc:postgresql://91.200.102.167:5432/bot_testing?useUnicode=true&useJDBCCompliantTimezoneShift=true&useLegacyDatetimeCode=false&serverTimezone=UTC&useSSL=false
[18:02:25] [DEBUG] [main - 1] com.zaxxer.hikari.HikariConfig - leakDetectionThreshold..........0
[18:02:25] [DEBUG] [main - 1] com.zaxxer.hikari.HikariConfig - maxLifetime.....................1800000
[18:02:25] [DEBUG] [main - 1] com.zaxxer.hikari.HikariConfig - maximumPoolSize.................15
[18:02:25] [DEBUG] [main - 1] com.zaxxer.hikari.HikariConfig - metricRegistry..................none
[18:02:25] [DEBUG] [main - 1] com.zaxxer.hikari.HikariConfig - metricsTrackerFactory...........none
[18:02:25] [DEBUG] [main - 1] com.zaxxer.hikari.HikariConfig - minimumIdle.....................15
[18:02:25] [DEBUG] [main - 1] com.zaxxer.hikari.HikariConfig - password........................<masked>
[18:02:25] [DEBUG] [main - 1] com.zaxxer.hikari.HikariConfig - poolName........................"HikariPool-1"
[18:02:25] [DEBUG] [main - 1] com.zaxxer.hikari.HikariConfig - readOnly........................false
[18:02:25] [DEBUG] [main - 1] com.zaxxer.hikari.HikariConfig - registerMbeans..................false
[18:02:25] [DEBUG] [main - 1] com.zaxxer.hikari.HikariConfig - scheduledExecutor...............none
[18:02:25] [DEBUG] [main - 1] com.zaxxer.hikari.HikariConfig - schema..........................none
[18:02:25] [DEBUG] [main - 1] com.zaxxer.hikari.HikariConfig - threadFactory...................internal
[18:02:25] [DEBUG] [main - 1] com.zaxxer.hikari.HikariConfig - transactionIsolation............default
[18:02:25] [DEBUG] [main - 1] com.zaxxer.hikari.HikariConfig - username........................"groovy"
[18:02:25] [DEBUG] [main - 1] com.zaxxer.hikari.HikariConfig - validationTimeout...............5000
[18:02:25] [INFO ] [main - 1] com.zaxxer.hikari.HikariDataSource - HikariPool-1 - Starting...
[18:02:26] [DEBUG] [main - 1] com.zaxxer.hikari.pool.HikariPool - HikariPool-1 - Added connection org.postgresql.jdbc.PgConnection@72cde7cc
[18:02:26] [INFO ] [main - 1] com.zaxxer.hikari.HikariDataSource - HikariPool-1 - Start completed.
[18:02:26] [INFO ] [main - 1] co.groovybot.bot.io.database.PostgreSQL - [Database] Connected!
[18:02:26] [DEBUG] [HikariPool-1 housekeeper - 17] com.zaxxer.hikari.pool.HikariPool - HikariPool-1 - Pool stats (total=1, active=0, idle=1, waiting=0)
[18:02:26] [DEBUG] [HikariPool-1 connection adder - 18] com.zaxxer.hikari.pool.HikariPool - HikariPool-1 - Added connection org.postgresql.jdbc.PgConnection@6992d9fa
[18:02:26] [DEBUG] [main - 1] co.groovybot.bot.core.audio.spotify.SpotifyManager - Received access token: BQDOXI1Nt33UH3KVxYMb10G-xJF9DPowbCmsmppoIWMwtRRmEMz27QrxBgAUm46GnXazS8eoCrVxHGl2cGI which expires in: 3600 seconds.
[18:02:26] [INFO ] [main - 1] co.groovybot.bot.core.audio.LavalinkManager - [LavalinkManager] Connecting to Nodes ...
[18:02:26] [DEBUG] [main - 1] com.sedmelluq.discord.lavaplayer.tools.io.TrustManagerBuilder - Certificate list /certificates/extended.txt not present in classpath.
[18:02:26] [DEBUG] [HikariPool-1 connection adder - 18] com.zaxxer.hikari.pool.HikariPool - HikariPool-1 - Added connection org.postgresql.jdbc.PgConnection@636ab28a
[18:02:27] [DEBUG] [HikariPool-1 connection adder - 18] com.zaxxer.hikari.pool.HikariPool - HikariPool-1 - Added connection org.postgresql.jdbc.PgConnection@594a60bd
[18:02:27] [DEBUG] [HikariPool-1 connection adder - 18] com.zaxxer.hikari.pool.HikariPool - HikariPool-1 - Added connection org.postgresql.jdbc.PgConnection@170411d6
[18:02:27] [DEBUG] [HikariPool-1 connection adder - 18] com.zaxxer.hikari.pool.HikariPool - HikariPool-1 - Added connection org.postgresql.jdbc.PgConnection@4c021031
[18:02:27] [DEBUG] [HikariPool-1 connection adder - 18] com.zaxxer.hikari.pool.HikariPool - HikariPool-1 - Added connection org.postgresql.jdbc.PgConnection@7b3f22c6
[18:02:28] [DEBUG] [HikariPool-1 connection adder - 18] com.zaxxer.hikari.pool.HikariPool - HikariPool-1 - Added connection org.postgresql.jdbc.PgConnection@3ac8f410
[18:02:28] [DEBUG] [JDA RateLimit-Worker 1 - 23] net.dv8tion.jda.core.requests.Requester - Received response with following cf-rays: [491e505beb2463f7-FRA]
[18:02:28] [INFO ] [main - 1] net.dv8tion.jda.bot.sharding.ShardManager - Login Successful!
[18:02:28] [DEBUG] [HikariPool-1 connection adder - 18] com.zaxxer.hikari.pool.HikariPool - HikariPool-1 - Added connection org.postgresql.jdbc.PgConnection@1e5666c2
[18:02:28] [INFO ] [main - 1] co.groovybot.bot.GroovyBot - [LavalinkManager] Initializing LavalinkManager ...
[18:02:28] [INFO ] [main - 1] co.groovybot.bot.core.audio.LavalinkManager - [LavalinkManager] Initializing Lavalink and trying to connect to Nodes ...
[18:02:28] [DEBUG] [HikariPool-1 connection adder - 18] com.zaxxer.hikari.pool.HikariPool - HikariPool-1 - Added connection org.postgresql.jdbc.PgConnection@1cfd4edc
[18:02:28] [DEBUG] [HikariPool-1 connection adder - 18] com.zaxxer.hikari.pool.HikariPool - HikariPool-1 - Added connection org.postgresql.jdbc.PgConnection@68c1c805
[18:02:29] [INFO ] [JDA [0 / 1] MainWS-WriteThread - 31] net.dv8tion.jda.core.requests.WebSocketClient - Connected to WebSocket
[18:02:29] [DEBUG] [JDA [0 / 1] MainWS-WriteThread - 31] net.dv8tion.jda.core.requests.WebSocketClient - Sending Identify-packet...
[18:02:29] [DEBUG] [JDA [0 / 1] MainWS-ReadThread - 30] net.dv8tion.jda.core.requests.WebSocketClient - Got HELLO packet (OP 10). Initializing keep-alive.
[18:02:29] [DEBUG] [JDA [0 / 1] MainWS-ReadThread - 30] net.dv8tion.jda.core.requests.WebSocketClient - Received a _trace for HELLO (OP: 10) with ["gateway-prd-main-dsfl"]
[18:02:29] [DEBUG] [JDA RateLimit-Worker 1 - 23] net.dv8tion.jda.core.requests.RateLimiter - Encountered issue with headers when updating a bucket
Route: oauth2/applications/@me
Headers: Date: Mon, 31 Dec 2018 17:02:28 GMT
Content-Type: application/json
Transfer-Encoding: chunked
Connection: keep-alive
Set-Cookie: __cfduid=da552c0f778f9765a3c138b42befe4f1a1546275748; expires=Tue, 31-Dec-19 17:02:28 GMT; path=/; domain=.discordapp.com; HttpOnly
Strict-Transport-Security: max-age=31536000; includeSubDomains
Content-Encoding: gzip
Via: 1.1 google
Alt-Svc: clear
Expect-CT: max-age=604800, report-uri="https://report-uri.cloudflare.com/cdn-cgi/beacon/expect-ct"
Server: cloudflare
CF-RAY: 491e5061efea63f7-FRA

[18:02:29] [DEBUG] [JDA RateLimit-Worker 1 - 23] net.dv8tion.jda.core.requests.Requester - Received response with following cf-rays: [491e5061efea63f7-FRA]
[18:02:29] [INFO ] [main - 1] co.groovybot.bot.core.audio.LavalinkManager - [LavalinkManager] Successfully initialized Lavalink with 3 Nodes!
[18:02:29] [DEBUG] [HikariPool-1 connection adder - 18] com.zaxxer.hikari.pool.HikariPool - HikariPool-1 - Added connection org.postgresql.jdbc.PgConnection@10b3705a
[18:02:29] [DEBUG] [JDA [0 / 1] MainWS-ReadThread - 30] net.dv8tion.jda.core.requests.WebSocketClient - Received a _trace for READY (OP: 0) with ["gateway-prd-main-dsfl","discord-sessions-prd-1-5"]
[18:02:29] [DEBUG] [JDA [0 / 1] MainWS-ReadThread - 30] net.dv8tion.jda.core.handle.GuildSetupController - Setting incomplete count to 9
[18:02:29] [INFO ] [WebSocketConnectReadThread-33 - 33] lavalink.client.io.LavalinkSocket - Received handshake from server
[18:02:29] [INFO ] [WebSocketConnectReadThread-34 - 34] lavalink.client.io.LavalinkSocket - Received handshake from server
[18:02:29] [DEBUG] [WebSocketConnectReadThread-33 - 33] lavalink.client.io.LavalinkSocket - {"playingPlayers":5,"op":"stats","memory":{"reservable":4294967296,"used":188052128,"free":227183968,"allocated":415236096},"players":7,"cpu":{"cores":4,"systemLoad":0.02469813391877058,"lavalinkLoad":0.32492716859232246},"uptime":29382805}
[18:02:29] [INFO ] [WebSocketConnectReadThread-35 - 35] lavalink.client.io.LavalinkSocket - Received handshake from server
[18:02:29] [DEBUG] [WebSocketConnectReadThread-34 - 34] lavalink.client.io.LavalinkSocket - {"playingPlayers":1,"op":"stats","memory":{"reservable":4294967296,"used":183888240,"free":133830288,"allocated":317718528},"players":4,"cpu":{"cores":6,"systemLoad":0.0319031903190319,"lavalinkLoad":0.24682914046121593},"uptime":21929135}
[18:02:29] [DEBUG] [JDA [0 / 1] MainWS-ReadThread - 30] net.dv8tion.jda.core.handle.GuildSetupController - Finished setup for guild 258294814309744642 firing cached events 0
[18:02:29] [DEBUG] [JDA [0 / 1] MainWS-ReadThread - 30] net.dv8tion.jda.core.handle.GuildSetupController - Finished setup for guild 327074506390896652 firing cached events 0
[18:02:29] [DEBUG] [JDA [0 / 1] MainWS-ReadThread - 30] net.dv8tion.jda.core.handle.GuildSetupController - Finished setup for guild 343489621713485834 firing cached events 0
[18:02:29] [DEBUG] [WebSocketConnectReadThread-35 - 35] lavalink.client.io.LavalinkSocket - {"playingPlayers":2,"op":"stats","memory":{"reservable":16861102080,"used":414114096,"free":1548820176,"allocated":1962934272},"players":2,"cpu":{"cores":12,"systemLoad":0.09512506846813948,"lavalinkLoad":0.11561957622675889},"uptime":417994909}
[18:02:29] [DEBUG] [JDA [0 / 1] MainWS-ReadThread - 30] net.dv8tion.jda.core.handle.GuildSetupController - Finished setup for guild 367759499613962240 firing cached events 0
[18:02:29] [DEBUG] [JDA [0 / 1] MainWS-ReadThread - 30] net.dv8tion.jda.core.handle.GuildSetupController - Finished setup for guild 442250363425390592 firing cached events 0
[18:02:29] [DEBUG] [JDA [0 / 1] MainWS-ReadThread - 30] net.dv8tion.jda.core.handle.GuildSetupController - Finished setup for guild 445601426891210762 firing cached events 0
[18:02:29] [DEBUG] [JDA [0 / 1] MainWS-ReadThread - 30] net.dv8tion.jda.core.handle.GuildSetupController - Finished setup for guild 500004771038494720 firing cached events 0
[18:02:29] [DEBUG] [HikariPool-1 connection adder - 18] com.zaxxer.hikari.pool.HikariPool - HikariPool-1 - Added connection org.postgresql.jdbc.PgConnection@6958a129
[18:02:29] [DEBUG] [JDA [0 / 1] MainWS-ReadThread - 30] net.dv8tion.jda.core.handle.GuildSetupController - Sending chunking requests for 1 guilds
[18:02:29] [DEBUG] [JDA [0 / 1] MainWS-ReadThread - 30] net.dv8tion.jda.core.handle.GuildSetupController - Finished setup for guild 507517900127469568 firing cached events 0
[18:02:29] [DEBUG] [HikariPool-1 connection adder - 18] com.zaxxer.hikari.pool.HikariPool - HikariPool-1 - Added connection org.postgresql.jdbc.PgConnection@347db356
[18:02:29] [DEBUG] [HikariPool-1 connection adder - 18] com.zaxxer.hikari.pool.HikariPool - HikariPool-1 - Added connection org.postgresql.jdbc.PgConnection@ec7bb4d
[18:02:29] [DEBUG] [HikariPool-1 connection adder - 18] com.zaxxer.hikari.pool.HikariPool - HikariPool-1 - After adding stats (total=15, active=0, idle=15, waiting=0)
[18:02:29] [DEBUG] [JDA [0 / 1] Gateway-Worker 1 - 28] net.dv8tion.jda.core.requests.WebSocketClient - Sending chunk/sync request {"op":8,"d":{"query":"","guild_id":[403882830225997825],"limit":0}}
[18:02:30] [DEBUG] [JDA [0 / 1] MainWS-ReadThread - 30] net.dv8tion.jda.core.handle.GuildSetupController - Received member chunk for guild id: 403882830225997825 size: 1000
[18:02:30] [DEBUG] [JDA [0 / 1] MainWS-ReadThread - 30] net.dv8tion.jda.core.handle.GuildSetupController - Received member chunk for guild id: 403882830225997825 size: 271
[18:02:30] [INFO ] [JDA [0 / 1] MainWS-ReadThread - 30] net.dv8tion.jda.core.JDA - Finished Loading!
[18:02:30] [INFO ] [JDA [0 / 1] MainWS-ReadThread - 30] co.groovybot.bot.listeners.ShardsListener - [ShardManager] Successfully launched 1 Shard! Finishing Startup ...
[18:02:30] [INFO ] [JDA [0 / 1] MainWS-ReadThread - 30] co.groovybot.bot.GroovyBot - [MusicPlayerManager] Initializing MusicPlayers ...
[18:02:30] [INFO ] [JDA [0 / 1] MainWS-ReadThread - 30] co.groovybot.bot.core.audio.MusicPlayerManager - [MusicPlayerManager] Successfully initialized 0 MusicPlayers!
[18:02:30] [INFO ] [JDA [0 / 1] MainWS-ReadThread - 30] co.groovybot.bot.GroovyBot - [PremiumHandler] Initializing Patrons ...
[18:02:30] [INFO ] [JDA [0 / 1] MainWS-ReadThread - 30] co.groovybot.bot.core.premium.PremiumHandler - [PremiumHandler] Successfully initialized Patrons!
[18:02:30] [INFO ] [JDA [0 / 1] MainWS-ReadThread - 30] co.groovybot.bot.GroovyBot - [MonitoringManager] Monitoring disabled, because there is no connection to InfluxDB!
[18:02:30] [INFO ] [JDA [0 / 1] MainWS-ReadThread - 30] co.groovybot.bot.GroovyBot - [Core] Successfully launched Groovy!
[18:02:30] [DEBUG] [JDA [0 / 1] MainWS-ReadThread - 30] net.dv8tion.jda.core.handle.GuildSetupController - Finished setup for guild 403882830225997825 firing cached events 1
[18:02:30] [DEBUG] [JDA [0 / 1] Gateway-Worker 1 - 28] net.dv8tion.jda.core.requests.WebSocketClient - Sending normal message {"op":3,"d":{"game":{"name":"Starting ...","type":0},"afk":false,"status":"online","since":1546275750333}}
[18:02:30] [DEBUG] [JDA [0 / 1] Gateway-Worker 1 - 28] net.dv8tion.jda.core.requests.WebSocketClient - Sending normal message {"op":3,"d":{"game":{"name":"deinserverhost.de","type":3},"afk":false,"status":"online","since":1546275750336}}
[18:02:56] [DEBUG] [HikariPool-1 housekeeper - 17] com.zaxxer.hikari.pool.HikariPool - HikariPool-1 - Pool stats (total=15, active=1, idle=14, waiting=0)
[18:03:00] [DEBUG] [JDA [0 / 1] Gateway-Worker 1 - 28] net.dv8tion.jda.core.requests.WebSocketClient - Sending normal message {"op":3,"d":{"game":{"name":"deinserverhost.de","type":3},"afk":false,"status":"online","since":1546275780335}}
[18:03:13] [DEBUG] [JDA [0 / 1] MainWS-ReadThread - 30] lavalink.client.io.Link - Link Link{guild='403882830225997825', channel='null', state=NOT_CONNECTED} changed state from NOT_CONNECTED to NOT_CONNECTED
[18:03:26] [DEBUG] [HikariPool-1 housekeeper - 17] com.zaxxer.hikari.pool.HikariPool - HikariPool-1 - Pool stats (total=15, active=1, idle=14, waiting=0)
[18:03:29] [DEBUG] [WebSocketConnectReadThread-33 - 33] lavalink.client.io.LavalinkSocket - {"playingPlayers":4,"op":"stats","memory":{"reservable":4294967296,"used":251133096,"free":164103000,"allocated":415236096},"players":6,"cpu":{"cores":4,"systemLoad":0.021393307734503566,"lavalinkLoad":0.6959609261697978},"uptime":29442800}
[18:03:29] [DEBUG] [WebSocketConnectReadThread-34 - 34] lavalink.client.io.LavalinkSocket - {"playingPlayers":1,"op":"stats","memory":{"reservable":4294967296,"used":201163616,"free":116554912,"allocated":317718528},"players":4,"cpu":{"cores":6,"systemLoad":0.02491755221692928,"lavalinkLoad":0.00658497957822789},"uptime":21989135}
[18:03:29] [DEBUG] [WebSocketConnectReadThread-35 - 35] lavalink.client.io.LavalinkSocket - {"playingPlayers":2,"op":"stats","memory":{"reservable":16861102080,"used":452399152,"free":1510535120,"allocated":1962934272},"players":2,"cpu":{"cores":12,"systemLoad":0.09510720175920837,"lavalinkLoad":4.5858555538879724E-5},"uptime":418054909}
[18:03:30] [DEBUG] [JDA [0 / 1] Gateway-Worker 1 - 28] net.dv8tion.jda.core.requests.WebSocketClient - Sending normal message {"op":3,"d":{"game":{"name":"@Groovy Testing","type":2},"afk":false,"status":"online","since":1546275810336}}
[18:03:48] [DEBUG] [CommandExecutor-pool-2-thread-1 - 46] co.groovybot.bot.listeners.CommandLogger - [Command] eval - Stuuu#1337 | Discordlist.org (507517900127469568)
[18:03:48] [DEBUG] [JDA [0 / 1] RateLimit-Worker 2 - 29] net.dv8tion.jda.core.requests.Requester - Received response with following cf-rays: [491e525358cc63f7-FRA]
[18:03:56] [DEBUG] [HikariPool-1 housekeeper - 17] com.zaxxer.hikari.pool.HikariPool - HikariPool-1 - Pool stats (total=15, active=1, idle=14, waiting=0)
[18:04:00] [DEBUG] [JDA [0 / 1] Gateway-Worker 1 - 28] net.dv8tion.jda.core.requests.WebSocketClient - Sending normal message {"op":3,"d":{"game":{"name":"gt!help","type":2},"afk":false,"status":"online","since":1546275840336}}
[18:04:26] [DEBUG] [HikariPool-1 housekeeper - 17] com.zaxxer.hikari.pool.HikariPool - HikariPool-1 - Pool stats (total=15, active=1, idle=14, waiting=0)
[18:04:29] [DEBUG] [WebSocketConnectReadThread-33 - 33] lavalink.client.io.LavalinkSocket - {"playingPlayers":6,"op":"stats","memory":{"reservable":4294967296,"used":101616296,"free":313619800,"allocated":415236096},"players":8,"cpu":{"cores":4,"systemLoad":0.02303894679100384,"lavalinkLoad":0.8791666666666667},"uptime":29502800}
[18:04:29] [DEBUG] [WebSocketConnectReadThread-34 - 34] lavalink.client.io.LavalinkSocket - {"playingPlayers":1,"op":"stats","memory":{"reservable":4294967296,"used":218548336,"free":99170192,"allocated":317718528},"players":4,"cpu":{"cores":6,"systemLoad":0.020558002936857563,"lavalinkLoad":0.006908333333333333},"uptime":22049135}
[18:04:29] [DEBUG] [WebSocketConnectReadThread-35 - 35] lavalink.client.io.LavalinkSocket - {"playingPlayers":2,"op":"stats","memory":{"reservable":16861102080,"used":487877864,"free":1475056408,"allocated":1962934272},"players":2,"cpu":{"cores":12,"systemLoad":0.09276844411979547,"lavalinkLoad":4.305555555555556E-5},"uptime":418114909}
[18:04:30] [DEBUG] [JDA [0 / 1] Gateway-Worker 1 - 28] net.dv8tion.jda.core.requests.WebSocketClient - Sending normal message {"op":3,"d":{"game":{"name":"gt!help","type":2},"afk":false,"status":"online","since":1546275870335}}
[18:04:32] [DEBUG] [JDA RateLimit-Worker 1 - 23] net.dv8tion.jda.core.requests.Requester - Received response with following cf-rays: [491e53680de063f7-FRA]
[18:04:32] [DEBUG] [CommandExecutor-pool-2-thread-1 - 46] co.groovybot.bot.listeners.CommandLogger - [Command] eval - Rxsto#1337 | Discordlist.org (507517900127469568)
[18:04:33] [DEBUG] [JDA [0 / 1] RateLimit-Worker 3 - 50] net.dv8tion.jda.core.requests.Requester - Received response with following cf-rays: [491e536ba92563f7-FRA]
[18:04:56] [DEBUG] [HikariPool-1 housekeeper - 17] com.zaxxer.hikari.pool.HikariPool - HikariPool-1 - Pool stats (total=15, active=1, idle=14, waiting=0)
[18:05:00] [DEBUG] [JDA [0 / 1] Gateway-Worker 1 - 28] net.dv8tion.jda.core.requests.WebSocketClient - Sending normal message {"op":3,"d":{"game":{"name":"gt!help","type":2},"afk":false,"status":"online","since":1546275900336}}
[18:05:26] [DEBUG] [HikariPool-1 housekeeper - 17] com.zaxxer.hikari.pool.HikariPool - HikariPool-1 - Pool stats (total=15, active=1, idle=14, waiting=0)
[18:05:29] [DEBUG] [WebSocketConnectReadThread-33 - 33] lavalink.client.io.LavalinkSocket - {"playingPlayers":5,"op":"stats","memory":{"reservable":4294967296,"used":194423800,"free":220812296,"allocated":415236096},"players":7,"cpu":{"cores":4,"systemLoad":0.033479692645444564,"lavalinkLoad":0.9625},"uptime":29562800}
[18:05:29] [DEBUG] [WebSocketConnectReadThread-34 - 34] lavalink.client.io.LavalinkSocket - {"playingPlayers":1,"op":"stats","memory":{"reservable":4294967296,"used":60132608,"free":257585920,"allocated":317718528},"players":4,"cpu":{"cores":6,"systemLoad":0.015458225984541774,"lavalinkLoad":0.008013888888888888},"uptime":22109135}
[18:05:29] [DEBUG] [WebSocketConnectReadThread-35 - 35] lavalink.client.io.LavalinkSocket - {"playingPlayers":2,"op":"stats","memory":{"reservable":16861102080,"used":520081600,"free":1442852672,"allocated":1962934272},"players":2,"cpu":{"cores":12,"systemLoad":0.09343572865240446,"lavalinkLoad":4.305555555555556E-5},"uptime":418174909}
[18:05:30] [DEBUG] [JDA [0 / 1] Gateway-Worker 1 - 28] net.dv8tion.jda.core.requests.WebSocketClient - Sending normal message {"op":3,"d":{"game":{"name":"@Groovy Testing","type":2},"afk":false,"status":"online","since":1546275930335}}
[18:05:56] [DEBUG] [HikariPool-1 housekeeper - 17] com.zaxxer.hikari.pool.HikariPool - HikariPool-1 - Pool stats (total=15, active=1, idle=14, waiting=0)
[18:06:00] [DEBUG] [CommandExecutor-pool-2-thread-1 - 46] co.groovybot.bot.listeners.CommandLogger - [Command] eval - Stuuu#1337 | Discordlist.org (507517900127469568)
[18:06:00] [DEBUG] [JDA [0 / 1] Gateway-Worker 1 - 28] net.dv8tion.jda.core.requests.WebSocketClient - Sending normal message {"op":3,"d":{"game":{"name":"gt!help","type":2},"afk":false,"status":"online","since":1546275960335}}
[18:06:00] [DEBUG] [JDA [0 / 1] RateLimit-Worker 2 - 29] net.dv8tion.jda.core.requests.Requester - Received response with following cf-rays: [491e558cff0b63f7-FRA]
[18:06:26] [DEBUG] [HikariPool-1 housekeeper - 17] com.zaxxer.hikari.pool.HikariPool - HikariPool-1 - Pool stats (total=15, active=1, idle=14, waiting=0)
[18:06:29] [DEBUG] [WebSocketConnectReadThread-33 - 33] lavalink.client.io.LavalinkSocket - {"playingPlayers":5,"op":"stats","memory":{"reservable":4294967296,"used":274440280,"free":140795816,"allocated":415236096},"players":7,"cpu":{"cores":4,"systemLoad":0.03657205240174673,"lavalinkLoad":1.7916666666666667},"uptime":29622800}
[18:06:29] [DEBUG] [WebSocketConnectReadThread-34 - 34] lavalink.client.io.LavalinkSocket - {"playingPlayers":1,"op":"stats","memory":{"reservable":4294967296,"used":77213792,"free":240504736,"allocated":317718528},"players":4,"cpu":{"cores":6,"systemLoad":0.02386196769456681,"lavalinkLoad":0.006111111111111111},"uptime":22169135}
[18:06:29] [DEBUG] [WebSocketConnectReadThread-35 - 35] lavalink.client.io.LavalinkSocket - {"playingPlayers":3,"op":"stats","memory":{"reservable":16861102080,"used":566202888,"free":1396731384,"allocated":1962934272},"players":3,"cpu":{"cores":12,"systemLoad":0.0958904109589041,"lavalinkLoad":4.9999999999999996E-5},"uptime":418234909}
[18:06:30] [DEBUG] [JDA [0 / 1] Gateway-Worker 1 - 28] net.dv8tion.jda.core.requests.WebSocketClient - Sending normal message {"op":3,"d":{"game":{"name":"deinserverhost.de","type":3},"afk":false,"status":"online","since":1546275990335}}
[18:06:56] [DEBUG] [HikariPool-1 housekeeper - 17] com.zaxxer.hikari.pool.HikariPool - HikariPool-1 - Pool stats (total=15, active=1, idle=14, waiting=0)
[18:07:00] [DEBUG] [JDA [0 / 1] Gateway-Worker 1 - 28] net.dv8tion.jda.core.requests.WebSocketClient - Sending normal message {"op":3,"d":{"game":{"name":"deinserverhost.de","type":3},"afk":false,"status":"online","since":1546276020336}}
[18:07:26] [DEBUG] [HikariPool-1 housekeeper - 17] com.zaxxer.hikari.pool.HikariPool - HikariPool-1 - Pool stats (total=15, active=1, idle=14, waiting=0)
[18:07:29] [DEBUG] [WebSocketConnectReadThread-33 - 33] lavalink.client.io.LavalinkSocket - {"playingPlayers":5,"op":"stats","memory":{"reservable":4294967296,"used":105080888,"free":310155208,"allocated":415236096},"players":7,"cpu":{"cores":4,"systemLoad":0.035480349344978165,"lavalinkLoad":1.7958333333333334},"uptime":29682800}
[18:07:29] [DEBUG] [WebSocketConnectReadThread-34 - 34] lavalink.client.io.LavalinkSocket - {"playingPlayers":1,"op":"stats","memory":{"reservable":4294967296,"used":106026232,"free":211692296,"allocated":317718528},"players":4,"cpu":{"cores":6,"systemLoad":0.034103410341034104,"lavalinkLoad":0.0073416666666666665},"uptime":22229135}
[18:07:29] [DEBUG] [WebSocketConnectReadThread-35 - 35] lavalink.client.io.LavalinkSocket - {"playingPlayers":3,"op":"stats","memory":{"reservable":16861102080,"used":613568336,"free":1349365936,"allocated":1962934272},"players":3,"cpu":{"cores":12,"systemLoad":0.08453038674033149,"lavalinkLoad":5.555555555555555E-5},"uptime":418294909}
[18:07:30] [DEBUG] [JDA [0 / 1] Gateway-Worker 1 - 28] net.dv8tion.jda.core.requests.WebSocketClient - Sending normal message {"op":3,"d":{"game":{"name":"@Groovy Testing","type":2},"afk":false,"status":"online","since":1546276050336}}
[18:07:46] [DEBUG] [CommandExecutor-pool-2-thread-2 - 61] co.groovybot.bot.listeners.CommandLogger - [Command] eval - Rxsto#1337 | Discordlist.org (507517900127469568)
[18:07:46] [DEBUG] [JDA [0 / 1] RateLimit-Worker 4 - 52] net.dv8tion.jda.core.requests.Requester - Received response with following cf-rays: [491e58259cd663f7-FRA]
[18:07:47] [DEBUG] [JDA RateLimit-Worker 1 - 23] net.dv8tion.jda.core.requests.Requester - Received response with following cf-rays: [491e58277b0d6469-FRA]
[18:07:56] [DEBUG] [HikariPool-1 housekeeper - 17] com.zaxxer.hikari.pool.HikariPool - HikariPool-1 - Pool stats (total=15, active=1, idle=14, waiting=0)
[18:07:57] [DEBUG] [CommandExecutor-pool-2-thread-2 - 61] co.groovybot.bot.listeners.CommandLogger - [Command] eval - Stuuu#1337 | Discordlist.org (507517900127469568)
[18:07:57] [DEBUG] [JDA [0 / 1] RateLimit-Worker 5 - 54] net.dv8tion.jda.core.requests.Requester - Received response with following cf-rays: [491e586adc5063f7-FRA]
[18:08:00] [DEBUG] [JDA [0 / 1] Gateway-Worker 1 - 28] net.dv8tion.jda.core.requests.WebSocketClient - Sending normal message {"op":3,"d":{"game":{"name":"gt!help","type":2},"afk":false,"status":"online","since":1546276080335}}
[18:08:14] [ERROR] [CommandExecutor-pool-2-thread-2 - 61] co.groovybot.bot.listeners.CommandLogger - [Command] eval - Rxsto#1337 | Discordlist.org (507517900127469568)
java.lang.NullPointerException: null
	at co.groovybot.bot.commands.owner.EvalCommand.run(EvalCommand.java:79) ~[classes/:?]
	at co.groovybot.bot.core.command.CommandManager.callCommand(CommandManager.java:161) ~[classes/:?]
	at co.groovybot.bot.core.command.CommandManager.parseCommands(CommandManager.java:138) ~[classes/:?]
	at co.groovybot.bot.core.command.CommandManager.lambda$onMessageReceived$0(CommandManager.java:72) ~[classes/:?]
	at java.util.concurrent.ThreadPoolExecutor.runWorker(ThreadPoolExecutor.java:1149) [?:1.8.0_181]
	at java.util.concurrent.ThreadPoolExecutor$Worker.run(ThreadPoolExecutor.java:624) [?:1.8.0_181]
	at java.lang.Thread.run(Thread.java:748) [?:1.8.0_181]
[18:08:14] [DEBUG] [CommandExecutor-pool-2-thread-2 - 61] co.groovybot.bot.listeners.CommandLogger - [Command] eval - Rxsto#1337 | Discordlist.org (507517900127469568)
[18:08:14] [DEBUG] [JDA [0 / 1] RateLimit-Worker 3 - 50] net.dv8tion.jda.core.requests.Requester - Received response with following cf-rays: [491e58d63bdc63f7-FRA]
[18:08:15] [DEBUG] [JDA [0 / 1] RateLimit-Worker 2 - 29] net.dv8tion.jda.core.requests.Requester - Received response with following cf-rays: [491e58d68eee6469-FRA]
[18:08:15] [DEBUG] [JDA [0 / 1] RateLimit-Worker 2 - 29] net.dv8tion.jda.core.requests.Requester - Received response with following cf-rays: [491e58d80d2563f7-FRA]
[18:08:15] [DEBUG] [JDA [0 / 1] RateLimit-Worker 2 - 29] net.dv8tion.jda.core.requests.Requester - Received response with following cf-rays: [491e58d9fe8563f7-FRA]
[18:08:15] [DEBUG] [JDA [0 / 1] RateLimit-Worker 2 - 29] net.dv8tion.jda.core.requests.Requester - Received response with following cf-rays: [491e58dbefff63f7-FRA]
[18:08:16] [DEBUG] [JDA [0 / 1] RateLimit-Worker 2 - 29] net.dv8tion.jda.core.requests.Requester - Received response with following cf-rays: [491e58dd48fe63f7-FRA]
[18:08:16] [DEBUG] [JDA [0 / 1] RateLimit-Worker 2 - 29] net.dv8tion.jda.core.requests.RateLimiter - Backing off 4225 milliseconds on route /channels/507627405163364363/messages
[18:08:20] [DEBUG] [JDA [0 / 1] RateLimit-Worker 2 - 29] net.dv8tion.jda.core.requests.Requester - Received response with following cf-rays: [491e58f97c6363f7-FRA]
[18:08:20] [DEBUG] [JDA [0 / 1] RateLimit-Worker 2 - 29] net.dv8tion.jda.core.requests.Requester - Received response with following cf-rays: [491e58facd3e63f7-FRA]
[18:08:21] [DEBUG] [JDA [0 / 1] RateLimit-Worker 2 - 29] net.dv8tion.jda.core.requests.Requester - Received response with following cf-rays: [491e58fcbe5663f7-FRA]
[18:08:21] [DEBUG] [JDA [0 / 1] RateLimit-Worker 2 - 29] net.dv8tion.jda.core.requests.Requester - Received response with following cf-rays: [491e58fe5f6063f7-FRA]
[18:08:21] [DEBUG] [JDA [0 / 1] RateLimit-Worker 2 - 29] net.dv8tion.jda.core.requests.Requester - Received response with following cf-rays: [491e58ff681f63f7-FRA]
[18:08:21] [DEBUG] [JDA [0 / 1] RateLimit-Worker 2 - 29] net.dv8tion.jda.core.requests.RateLimiter - Backing off 4842 milliseconds on route /channels/507627405163364363/messages
[18:08:21] [DEBUG] [JDA [0 / 1] RateLimit-Worker 5 - 54] net.dv8tion.jda.core.requests.RateLimiter - Encountered issue with headers when updating a bucket
Route: users/@me/channels
Headers: Date: Mon, 31 Dec 2018 17:08:21 GMT
Content-Type: application/json
Transfer-Encoding: chunked
Connection: keep-alive
Set-Cookie: __cfduid=d5b2aedfcc29e56f7451938a6268bdb461546276101; expires=Tue, 31-Dec-19 17:08:21 GMT; path=/; domain=.discordapp.com; HttpOnly
Strict-Transport-Security: max-age=31536000; includeSubDomains
Content-Encoding: gzip
Via: 1.1 google
Alt-Svc: clear
Expect-CT: max-age=604800, report-uri="https://report-uri.cloudflare.com/cdn-cgi/beacon/expect-ct"
Server: cloudflare
CF-RAY: 491e5900095a6469-FRA

[18:08:21] [DEBUG] [JDA [0 / 1] RateLimit-Worker 5 - 54] net.dv8tion.jda.core.requests.Requester - Received response with following cf-rays: [491e5900095a6469-FRA]
[18:08:22] [DEBUG] [JDA [0 / 1] RateLimit-Worker 4 - 52] net.dv8tion.jda.core.requests.Requester - Received response with following cf-rays: [491e5901395463f7-FRA]
[18:08:26] [DEBUG] [HikariPool-1 housekeeper - 17] com.zaxxer.hikari.pool.HikariPool - HikariPool-1 - Pool stats (total=15, active=1, idle=14, waiting=0)
[18:08:26] [DEBUG] [JDA [0 / 1] RateLimit-Worker 2 - 29] net.dv8tion.jda.core.requests.Requester - Received response with following cf-rays: [491e591efd2a63f7-FRA]
[18:08:26] [DEBUG] [JDA [0 / 1] RateLimit-Worker 2 - 29] net.dv8tion.jda.core.requests.Requester - Received response with following cf-rays: [491e59203e2a63f7-FRA]
[18:08:26] [DEBUG] [JDA [0 / 1] RateLimit-Worker 2 - 29] net.dv8tion.jda.core.requests.Requester - Received response with following cf-rays: [491e59214ee763f7-FRA]
[18:08:27] [DEBUG] [JDA [0 / 1] RateLimit-Worker 2 - 29] net.dv8tion.jda.core.requests.Requester - Received response with following cf-rays: [491e59228fd263f7-FRA]
[18:08:27] [DEBUG] [JDA [0 / 1] RateLimit-Worker 2 - 29] net.dv8tion.jda.core.requests.Requester - Received response with following cf-rays: [491e5924196b63f7-FRA]
[18:08:27] [DEBUG] [JDA [0 / 1] RateLimit-Worker 2 - 29] net.dv8tion.jda.core.requests.RateLimiter - Backing off 5006 milliseconds on route /channels/507627405163364363/messages
[18:08:29] [DEBUG] [WebSocketConnectReadThread-33 - 33] lavalink.client.io.LavalinkSocket - {"playingPlayers":5,"op":"stats","memory":{"reservable":4294967296,"used":185892224,"free":229343872,"allocated":415236096},"players":7,"cpu":{"cores":4,"systemLoad":0.040087863811092805,"lavalinkLoad":1.7916666666666667},"uptime":29742800}
[18:08:29] [DEBUG] [WebSocketConnectReadThread-34 - 34] lavalink.client.io.LavalinkSocket - {"playingPlayers":1,"op":"stats","memory":{"reservable":4294967296,"used":122646928,"free":195123984,"allocated":317718528},"players":3,"cpu":{"cores":6,"systemLoad":0.03155963302752293,"lavalinkLoad":0.005833333333333334},"uptime":22289135}
[18:08:29] [DEBUG] [WebSocketConnectReadThread-35 - 35] lavalink.client.io.LavalinkSocket - {"playingPlayers":3,"op":"stats","memory":{"reservable":16861102080,"used":670219984,"free":1292714288,"allocated":1962934272},"players":3,"cpu":{"cores":12,"systemLoad":0.09626253418413856,"lavalinkLoad":5.6944444444444445E-5},"uptime":418354909}
[18:08:30] [DEBUG] [JDA [0 / 1] Gateway-Worker 1 - 28] net.dv8tion.jda.core.requests.WebSocketClient - Sending normal message {"op":3,"d":{"game":{"name":"groovybot.co","type":3},"afk":false,"status":"online","since":1546276110336}}
[18:08:32] [DEBUG] [JDA [0 / 1] RateLimit-Worker 2 - 29] net.dv8tion.jda.core.requests.Requester - Received response with following cf-rays: [491e5944890963f7-FRA]
[18:08:32] [DEBUG] [JDA [0 / 1] RateLimit-Worker 2 - 29] net.dv8tion.jda.core.requests.Requester - Received response with following cf-rays: [491e5945a9ef63f7-FRA]
[18:08:33] [DEBUG] [JDA [0 / 1] RateLimit-Worker 2 - 29] net.dv8tion.jda.core.requests.Requester - Received response with following cf-rays: [491e59473b0f63f7-FRA]
[18:08:33] [DEBUG] [JDA [0 / 1] RateLimit-Worker 2 - 29] net.dv8tion.jda.core.requests.Requester - Received response with following cf-rays: [491e59496c6663f7-FRA]
[18:08:33] [DEBUG] [JDA [0 / 1] RateLimit-Worker 2 - 29] net.dv8tion.jda.core.requests.Requester - Received response with following cf-rays: [491e594a7d0163f7-FRA]
[18:08:33] [DEBUG] [JDA [0 / 1] RateLimit-Worker 2 - 29] net.dv8tion.jda.core.requests.RateLimiter - Backing off 4849 milliseconds on route /channels/507627405163364363/messages
[18:08:38] [DEBUG] [JDA [0 / 1] RateLimit-Worker 2 - 29] net.dv8tion.jda.core.requests.Requester - Received response with following cf-rays: [491e5969fab863f7-FRA]
[18:08:38] [DEBUG] [JDA [0 / 1] RateLimit-Worker 2 - 29] net.dv8tion.jda.core.requests.Requester - Received response with following cf-rays: [491e596b1baf63f7-FRA]
[18:08:38] [DEBUG] [JDA [0 / 1] RateLimit-Worker 2 - 29] net.dv8tion.jda.core.requests.Requester - Received response with following cf-rays: [491e596c2c5163f7-FRA]
[18:08:39] [DEBUG] [JDA [0 / 1] RateLimit-Worker 2 - 29] net.dv8tion.jda.core.requests.Requester - Received response with following cf-rays: [491e596d3cf563f7-FRA]
[18:08:39] [DEBUG] [JDA [0 / 1] RateLimit-Worker 2 - 29] net.dv8tion.jda.core.requests.Requester - Received response with following cf-rays: [491e596e6db163f7-FRA]
[18:08:39] [DEBUG] [JDA [0 / 1] RateLimit-Worker 2 - 29] net.dv8tion.jda.core.requests.RateLimiter - Backing off 5062 milliseconds on route /channels/507627405163364363/messages
[18:08:44] [DEBUG] [JDA [0 / 1] RateLimit-Worker 2 - 29] net.dv8tion.jda.core.requests.Requester - Received response with following cf-rays: [491e598f7bc563f7-FRA]
[18:08:44] [DEBUG] [JDA [0 / 1] RateLimit-Worker 2 - 29] net.dv8tion.jda.core.requests.Requester - Received response with following cf-rays: [491e5990fccb63f7-FRA]
[18:08:45] [DEBUG] [JDA [0 / 1] RateLimit-Worker 2 - 29] net.dv8tion.jda.core.requests.Requester - Received response with following cf-rays: [491e59920d5d63f7-FRA]
[18:08:45] [DEBUG] [JDA [0 / 1] RateLimit-Worker 2 - 29] net.dv8tion.jda.core.requests.Requester - Received response with following cf-rays: [491e59931e1a63f7-FRA]
[18:08:45] [DEBUG] [JDA [0 / 1] RateLimit-Worker 2 - 29] net.dv8tion.jda.core.requests.Requester - Received response with following cf-rays: [491e59944eca63f7-FRA]
[18:08:45] [DEBUG] [JDA [0 / 1] RateLimit-Worker 2 - 29] net.dv8tion.jda.core.requests.RateLimiter - Backing off 4817 milliseconds on route /channels/507627405163364363/messages
[18:08:50] [DEBUG] [JDA [0 / 1] RateLimit-Worker 2 - 29] net.dv8tion.jda.core.requests.Requester - Received response with following cf-rays: [491e59b4fcea63f7-FRA]
[18:08:50] [DEBUG] [JDA [0 / 1] RateLimit-Worker 2 - 29] net.dv8tion.jda.core.requests.Requester - Received response with following cf-rays: [491e59b6ce1763f7-FRA]
[18:08:51] [DEBUG] [JDA [0 / 1] RateLimit-Worker 2 - 29] net.dv8tion.jda.core.requests.Requester - Received response with following cf-rays: [491e59b7eedf63f7-FRA]
[18:08:51] [DEBUG] [JDA [0 / 1] RateLimit-Worker 2 - 29] net.dv8tion.jda.core.requests.Requester - Received response with following cf-rays: [491e59b90f9163f7-FRA]
[18:08:51] [DEBUG] [JDA [0 / 1] RateLimit-Worker 2 - 29] net.dv8tion.jda.core.requests.Requester - Received response with following cf-rays: [491e59ba387363f7-FRA]
[18:08:51] [DEBUG] [JDA [0 / 1] RateLimit-Worker 2 - 29] net.dv8tion.jda.core.requests.RateLimiter - Backing off 4996 milliseconds on route /channels/507627405163364363/messages
[18:08:56] [DEBUG] [HikariPool-1 housekeeper - 17] com.zaxxer.hikari.pool.HikariPool - HikariPool-1 - Pool stats (total=15, active=1, idle=14, waiting=0)
[18:08:56] [DEBUG] [JDA [0 / 1] RateLimit-Worker 2 - 29] net.dv8tion.jda.core.requests.Requester - Received response with following cf-rays: [491e59da7af863f7-FRA]
[18:08:56] [DEBUG] [JDA [0 / 1] RateLimit-Worker 2 - 29] net.dv8tion.jda.core.requests.Requester - Received response with following cf-rays: [491e59dbaba963f7-FRA]
[18:08:56] [DEBUG] [JDA [0 / 1] RateLimit-Worker 2 - 29] net.dv8tion.jda.core.requests.Requester - Received response with following cf-rays: [491e59dcac5b63f7-FRA]
[18:08:57] [DEBUG] [JDA [0 / 1] RateLimit-Worker 2 - 29] net.dv8tion.jda.core.requests.Requester - Received response with following cf-rays: [491e59ddcd5763f7-FRA]
[18:08:57] [DEBUG] [JDA [0 / 1] RateLimit-Worker 2 - 29] net.dv8tion.jda.core.requests.Requester - Received response with following cf-rays: [491e59dede1663f7-FRA]
[18:08:57] [DEBUG] [JDA [0 / 1] RateLimit-Worker 2 - 29] net.dv8tion.jda.core.requests.RateLimiter - Backing off 5083 milliseconds on route /channels/507627405163364363/messages
[18:09:00] [DEBUG] [JDA [0 / 1] Gateway-Worker 1 - 28] net.dv8tion.jda.core.requests.WebSocketClient - Sending normal message {"op":3,"d":{"game":{"name":"groovybot.co","type":3},"afk":false,"status":"online","since":1546276140336}}
[18:09:02] [DEBUG] [JDA [0 / 1] RateLimit-Worker 2 - 29] net.dv8tion.jda.core.requests.Requester - Received response with following cf-rays: [491e59fffe9e63f7-FRA]
[18:09:02] [DEBUG] [JDA [0 / 1] RateLimit-Worker 2 - 29] net.dv8tion.jda.core.requests.Requester - Received response with following cf-rays: [491e5a010f5b63f7-FRA]
[18:09:02] [DEBUG] [JDA [0 / 1] RateLimit-Worker 2 - 29] net.dv8tion.jda.core.requests.Requester - Received response with following cf-rays: [491e5a02381a63f7-FRA]
[18:09:03] [DEBUG] [JDA [0 / 1] RateLimit-Worker 2 - 29] net.dv8tion.jda.core.requests.Requester - Received response with following cf-rays: [491e5a0368ed63f7-FRA]
[18:09:03] [DEBUG] [JDA [0 / 1] RateLimit-Worker 2 - 29] net.dv8tion.jda.core.requests.Requester - Received response with following cf-rays: [491e5a0499c763f7-FRA]
[18:09:03] [DEBUG] [JDA [0 / 1] RateLimit-Worker 2 - 29] net.dv8tion.jda.core.requests.RateLimiter - Backing off 5086 milliseconds on route /channels/507627405163364363/messages
[18:09:08] [DEBUG] [JDA [0 / 1] RateLimit-Worker 2 - 29] net.dv8tion.jda.core.requests.Requester - Received response with following cf-rays: [491e5a257fa463f7-FRA]
[18:09:08] [DEBUG] [JDA [0 / 1] RateLimit-Worker 2 - 29] net.dv8tion.jda.core.requests.Requester - Received response with following cf-rays: [491e5a26985063f7-FRA]
[18:09:08] [DEBUG] [JDA [0 / 1] RateLimit-Worker 2 - 29] net.dv8tion.jda.core.requests.Requester - Received response with following cf-rays: [491e5a27a93263f7-FRA]
[18:09:09] [DEBUG] [JDA [0 / 1] RateLimit-Worker 2 - 29] net.dv8tion.jda.core.requests.Requester - Received response with following cf-rays: [491e5a28b9db63f7-FRA]
[18:09:09] [DEBUG] [JDA [0 / 1] RateLimit-Worker 2 - 29] net.dv8tion.jda.core.requests.Requester - Received response with following cf-rays: [491e5a29cab763f7-FRA]
[18:09:09] [DEBUG] [JDA [0 / 1] RateLimit-Worker 2 - 29] net.dv8tion.jda.core.requests.RateLimiter - Backing off 5134 milliseconds on route /channels/507627405163364363/messages
[18:09:14] [DEBUG] [JDA RateLimit-Worker 1 - 23] net.dv8tion.jda.core.requests.Requester - Received response with following cf-rays: [491e5a4afa2063f7-FRA]
[18:09:26] [DEBUG] [HikariPool-1 housekeeper - 17] com.zaxxer.hikari.pool.HikariPool - HikariPool-1 - Pool stats (total=15, active=1, idle=14, waiting=0)
[18:09:29] [DEBUG] [WebSocketConnectReadThread-33 - 33] lavalink.client.io.LavalinkSocket - {"playingPlayers":4,"op":"stats","memory":{"reservable":4294967296,"used":260083872,"free":155152224,"allocated":415236096},"players":6,"cpu":{"cores":4,"systemLoad":0.03555798687089715,"lavalinkLoad":1.8041666666666667},"uptime":29802800}
[18:09:29] [DEBUG] [WebSocketConnectReadThread-34 - 34] lavalink.client.io.LavalinkSocket - {"playingPlayers":2,"op":"stats","memory":{"reservable":4294967296,"used":163910480,"free":153808048,"allocated":317718528},"players":4,"cpu":{"cores":6,"systemLoad":0.05401459854014599,"lavalinkLoad":0.019088888888888888},"uptime":22349135}
[18:09:29] [DEBUG] [WebSocketConnectReadThread-35 - 35] lavalink.client.io.LavalinkSocket - {"playingPlayers":3,"op":"stats","memory":{"reservable":16861102080,"used":717573400,"free":1245360872,"allocated":1962934272},"players":3,"cpu":{"cores":12,"systemLoad":0.08990623276337562,"lavalinkLoad":5.833333333333333E-5},"uptime":418414909}
[18:09:30] [DEBUG] [JDA [0 / 1] Gateway-Worker 1 - 28] net.dv8tion.jda.core.requests.WebSocketClient - Sending normal message {"op":3,"d":{"game":{"name":"deinserverhost.de","type":3},"afk":false,"status":"online","since":1546276170336}}
[18:09:40] [ERROR] [CommandExecutor-pool-2-thread-3 - 69] co.groovybot.bot.listeners.CommandLogger - [Command] eval - Rxsto#1337 | Groovy (403882830225997825)
java.lang.NullPointerException: null
	at co.groovybot.bot.commands.owner.EvalCommand.run(EvalCommand.java:79) ~[classes/:?]
	at co.groovybot.bot.core.command.CommandManager.callCommand(CommandManager.java:161) ~[classes/:?]
	at co.groovybot.bot.core.command.CommandManager.parseCommands(CommandManager.java:138) ~[classes/:?]
	at co.groovybot.bot.core.command.CommandManager.lambda$onMessageReceived$0(CommandManager.java:72) ~[classes/:?]
	at java.util.concurrent.ThreadPoolExecutor.runWorker(ThreadPoolExecutor.java:1149) [?:1.8.0_181]
	at java.util.concurrent.ThreadPoolExecutor$Worker.run(ThreadPoolExecutor.java:624) [?:1.8.0_181]
	at java.lang.Thread.run(Thread.java:748) [?:1.8.0_181]
[18:09:40] [DEBUG] [CommandExecutor-pool-2-thread-3 - 69] co.groovybot.bot.listeners.CommandLogger - [Command] eval - Rxsto#1337 | Groovy (403882830225997825)
[18:09:40] [DEBUG] [JDA [0 / 1] RateLimit-Worker 3 - 50] net.dv8tion.jda.core.requests.Requester - Received response with following cf-rays: [491e5aef0de763f7-FRA]
[18:09:41] [DEBUG] [JDA [0 / 1] RateLimit-Worker 5 - 54] net.dv8tion.jda.core.requests.Requester - Received response with following cf-rays: [491e5aef4a636469-FRA]
[18:09:41] [DEBUG] [JDA [0 / 1] RateLimit-Worker 5 - 54] net.dv8tion.jda.core.requests.Requester - Received response with following cf-rays: [491e5af19f8263f7-FRA]
[18:09:41] [DEBUG] [JDA [0 / 1] RateLimit-Worker 5 - 54] net.dv8tion.jda.core.requests.Requester - Received response with following cf-rays: [491e5af4397063f7-FRA]
[18:09:42] [DEBUG] [JDA [0 / 1] RateLimit-Worker 5 - 54] net.dv8tion.jda.core.requests.Requester - Received response with following cf-rays: [491e5af65aea63f7-FRA]
[18:09:42] [DEBUG] [JDA [0 / 1] RateLimit-Worker 5 - 54] net.dv8tion.jda.core.requests.Requester - Received response with following cf-rays: [491e5af7bc0263f7-FRA]
[18:09:42] [DEBUG] [JDA [0 / 1] RateLimit-Worker 5 - 54] net.dv8tion.jda.core.requests.RateLimiter - Backing off 3968 milliseconds on route /channels/527170950739918849/messages
[18:09:46] [DEBUG] [JDA [0 / 1] RateLimit-Worker 5 - 54] net.dv8tion.jda.core.requests.Requester - Received response with following cf-rays: [491e5b12f86263f7-FRA]
[18:09:46] [DEBUG] [JDA [0 / 1] RateLimit-Worker 5 - 54] net.dv8tion.jda.core.requests.Requester - Received response with following cf-rays: [491e5b14396163f7-FRA]
[18:09:47] [DEBUG] [JDA [0 / 1] RateLimit-Worker 5 - 54] net.dv8tion.jda.core.requests.Requester - Received response with following cf-rays: [491e5b159a4f63f7-FRA]
[18:09:47] [DEBUG] [JDA [0 / 1] RateLimit-Worker 5 - 54] net.dv8tion.jda.core.requests.Requester - Received response with following cf-rays: [491e5b171b6e63f7-FRA]
[18:09:48] [DEBUG] [JDA [0 / 1] RateLimit-Worker 5 - 54] net.dv8tion.jda.core.requests.Requester - Received response with following cf-rays: [491e5b189c5d63f7-FRA]
[18:09:48] [DEBUG] [JDA [0 / 1] RateLimit-Worker 5 - 54] net.dv8tion.jda.core.requests.RateLimiter - Backing off 4397 milliseconds on route /channels/527170950739918849/messages
[18:09:52] [DEBUG] [JDA [0 / 1] RateLimit-Worker 5 - 54] net.dv8tion.jda.core.requests.Requester - Received response with following cf-rays: [491e5b387ae863f7-FRA]
[18:09:53] [DEBUG] [JDA [0 / 1] RateLimit-Worker 5 - 54] net.dv8tion.jda.core.requests.Requester - Received response with following cf-rays: [491e5b3a1c1663f7-FRA]
[18:09:53] [DEBUG] [JDA [0 / 1] RateLimit-Worker 5 - 54] net.dv8tion.jda.core.requests.Requester - Received response with following cf-rays: [491e5b3c9dca63f7-FRA]
[18:09:53] [DEBUG] [JDA [0 / 1] RateLimit-Worker 5 - 54] net.dv8tion.jda.core.requests.Requester - Received response with following cf-rays: [491e5b3eef3263f7-FRA]
[18:09:54] [DEBUG] [JDA [0 / 1] RateLimit-Worker 5 - 54] net.dv8tion.jda.core.requests.Requester - Received response with following cf-rays: [491e5b40381163f7-FRA]
[18:09:54] [DEBUG] [JDA [0 / 1] RateLimit-Worker 5 - 54] net.dv8tion.jda.core.requests.RateLimiter - Backing off 4301 milliseconds on route /channels/527170950739918849/messages
